[1;32m[INFO] 2025-08-06 22:46:06 server config:{"Group":"default","Port":"18080","S3":{"Bucket":"file-storage","Endpoint":"http://127.0.0.1:19000","AccessKey":"admin","SecretKey":"1433223","Region":"cn-north"},"Server":{"DBConfig":{"redis":{"host":"127.0.0.1","port":26379,"username":"","password":"1433223"},"mongo":{"host":"127.0.0.1","port":37017,"username":"admin","password":"1433223"},"mysql":null},"Jwt":{"Secret":"123456","Expire":3600},"ConsoleJwt":{"Secret":"console","Expire":3600}},"Admin":{"Username":"aaron","Password":"aaron519"}}[0m
[1;33m[WARN] 2025-08-06 22:46:06 config:{"Username":"aaron","Password":"aaron519"}[0m
[1;31m[ERROR] 2025-08-06 22:46:06 BoxServer|CreateBox|InsertOne|err: write exception: write errors: [E11000 duplicate key error collection: media_storage.boxes_db index: _id_ dup key: { _id: "default" }][0m
[1;31m[ERROR] 2025-08-06 22:46:06 DepotServer|CreateDepot|InsertOne|err: write exception: write errors: [E11000 duplicate key error collection: media_storage.depots_db index: _id_ dup key: { _id: "default" }][0m
[1;34m[DEBUG] 2025-08-06 22:46:06 admin: aaron|password: aaron519[0m
[1;34m[DEBUG] 2025-08-06 22:46:06 I18næ–‡ä»¶ä¸º:{"code_for_bad_request.en-us":"bad request","code_for_bad_request.zh-cn":"é”™è¯¯è¯·æ±‚","code_for_box_not_exists.en-us":"box not exists","code_for_box_not_exists.zh-cn":"boxä¸å­˜åœ¨","code_for_file_exists.en-us":"file exists","code_for_file_exists.zh-cn":"æ–‡ä»¶å·²å­˜åœ¨","code_for_file_no_prepare_info.en-us":"file no prepare info","code_for_file_no_prepare_info.zh-cn":"æ–‡ä»¶æœªåˆå§‹åŒ–ä¸Šä¼ ","code_for_file_not_exists.en-us":"file not exists","code_for_file_not_exists.zh-cn":"æ–‡ä»¶ä¸å­˜åœ¨","code_for_internal_error.en-us":"internal error","code_for_internal_error.zh-cn":"æœåŠ¡å™¨å†…éƒ¨é”™è¯¯","code_for_permission_deny.en-us":"permission deny","code_for_permission_deny.zh-cn":"æƒé™ä¸è¶³"}[0m
[1;32m[INFO] 2025-08-06 22:46:06 methods=>[["POST","GET"]]	api=>[å¤„ç†websocketçš„handle]	path=>[/v1/ws]	desc=>[å¤„ç†websocketçš„handle][0m
[1;32m[INFO] 2025-08-06 22:46:06 methods=>[["GET"]]	api=>[ç¨‹åºå¥åº·æ£€æŸ¥]	path=>[/v1/checkalive]	desc=>[ç¨‹åºå¥åº·æ£€æŸ¥][0m
[1;32m[INFO] 2025-08-06 22:46:06 methods=>[["GET","POST"]]	api=>[cmdæŽ¥å£ï¼Œä½¿ç”¨ç»Ÿä¸€çš„ç»“æž„]	path=>[/v1/cmd]	desc=>[cmdæŽ¥å£ï¼Œä½¿ç”¨ç»Ÿä¸€çš„ç»“æž„][0m
[1;32m[INFO] 2025-08-06 22:46:06 methods=>[["POST"]]	api=>[ç™»å½•æŽ¥å£]	path=>[/login]	desc=>[ç™»å½•æŽ¥å£][0m
[1;32m[INFO] 2025-08-06 22:46:06 methods=>[["POST"]]	api=>[åˆ›å»º depot]	path=>[/media/deport/create]	desc=>[åˆ›å»º depot][0m
[1;32m[INFO] 2025-08-06 22:46:06 methods=>[["POST"]]	api=>[åˆ›å»º box]	path=>[/media/box/create]	desc=>[åˆ›å»º box][0m
[1;32m[INFO] 2025-08-06 22:46:06 methods=>[["POST","GET","HEAD"]]	api=>[æŸ¥çœ‹æ–‡ä»¶]	path=>[/media/file/:fid]	desc=>[æŸ¥çœ‹æ–‡ä»¶][0m
[1;32m[INFO] 2025-08-06 22:46:06 methods=>[["POST"]]	api=>[ç”³è¯·ä¸Šä¼ ]	path=>[/media/upload/apply]	desc=>[ç”³è¯·ä¸Šä¼ ][0m
[1;32m[INFO] 2025-08-06 22:46:06 methods=>[["POST"]]	api=>[å•æ–‡ä»¶ä¸Šä¼ ]	path=>[/media/upload/single/:fid]	desc=>[å•æ–‡ä»¶ä¸Šä¼ ][0m
[1;32m[INFO] 2025-08-06 22:46:06 
 __     __                 _                 
 \ \   / /   ___    _ __  | |_    ___  __  __
  \ \ / /   / _ \  | '__| | __|  / _ \ \ \/ /
   \ V /   | (_) | | |    | |_  |  __/  >  < 
    \_/     \___/  |_|     \__|  \___| /_/\_\
----------------------------------------------
 Vortex Server Start Success on 18080
==============================================
[0m
[1;32m[INFO] 2025-08-06 22:46:12 req ==>> [ POST /media/upload/apply ][0m
[1;32m[INFO] 2025-08-06 22:46:12 vortex|VerifyMw|VerifyJwt token: Bearer eyJhbGciOiJIUzI1NiIsInR5cCI6IkpXVCJ9.eyJleHBpcmVzIjoxNzU0NDA5OTUwLCJ1aWQiOiJhYXJvbiJ9.63e-SoAsLK9WkngTFnbQEJtMbROPg6ASw-NSaiOIxIU[0m
[1;32m[INFO] 2025-08-06 22:46:12 BoxServer|QueryBoxInfo|box: {"box_id":"default","box_name":"default","depot_id":"default"}[0m
[1;32m[INFO] 2025-08-06 22:46:12 StorageCoreServer|ApplyUpload|CreatePrepareFileInfo|info: {"fid":"v1-68e8077f-71c1-42a4-8609-df5c46bfbad5","file_name":"å¤´åƒ01.jpg","content_md5":"30fd5ded6213e0b66d77f035ef301999","content_type":"image/jpeg","content_length":39432,"box_info":{"box_id":"default","box_name":"default","depot_id":"default"}}[0m
[1;32m[INFO] 2025-08-06 22:46:12 HandleApplyUpload|ApplyUpload|fid: v1-68e8077f-71c1-42a4-8609-df5c46bfbad5|fileInfo: {"fid":"v1-68e8077f-71c1-42a4-8609-df5c46bfbad5","file_name":"å¤´åƒ01.jpg","content_length":39432,"content_md5":"30fd5ded6213e0b66d77f035ef301999","content_type":"image/jpeg","uploader":"aaron","box_id":"default"}[0m
[1;32m[INFO] 2025-08-06 22:46:12 getEmByLang|key:code_for_success.zh-cn[0m
[1;32m[INFO] 2025-08-06 22:46:12 HttpJsonResponse|status:{"RespCode":200,"I18nKey":"code_for_success"}[0m
[1;32m[INFO] 2025-08-06 22:46:12 rsp ==>> [ 200 /media/upload/apply ][0m
[1;32m[INFO] 2025-08-06 22:49:58 server config:{"Group":"default","Port":"18080","S3":{"Bucket":"file-storage","Endpoint":"http://127.0.0.1:19000","AccessKey":"admin","SecretKey":"1433223","Region":"cn-north"},"Server":{"DBConfig":{"redis":{"host":"127.0.0.1","port":26379,"username":"","password":"1433223"},"mongo":{"host":"127.0.0.1","port":37017,"username":"admin","password":"1433223"},"mysql":null},"Jwt":{"Secret":"123456","Expire":3600},"ConsoleJwt":{"Secret":"console","Expire":3600}},"Admin":{"Username":"aaron","Password":"aaron519"}}[0m
[1;33m[WARN] 2025-08-06 22:49:58 config:{"Username":"aaron","Password":"aaron519"}[0m
[1;31m[ERROR] 2025-08-06 22:49:58 BoxServer|CreateBox|InsertOne|err: write exception: write errors: [E11000 duplicate key error collection: media_storage.boxes_db index: _id_ dup key: { _id: "default" }][0m
[1;31m[ERROR] 2025-08-06 22:49:58 DepotServer|CreateDepot|InsertOne|err: write exception: write errors: [E11000 duplicate key error collection: media_storage.depots_db index: _id_ dup key: { _id: "default" }][0m
[1;34m[DEBUG] 2025-08-06 22:49:58 admin: aaron|password: aaron519[0m
[1;31m[ERROR] 2025-08-06 22:49:58 WithI18n|i18n:{"code_for_bad_request.en-us":"bad request","code_for_bad_request.zh-cn":"é”™è¯¯è¯·æ±‚","code_for_box_not_exists.en-us":"box not exists","code_for_box_not_exists.zh-cn":"boxä¸å­˜åœ¨","code_for_file_exists.en-us":"file exists","code_for_file_exists.zh-cn":"æ–‡ä»¶å·²å­˜åœ¨","code_for_file_no_prepare_info.en-us":"file no prepare info","code_for_file_no_prepare_info.zh-cn":"æ–‡ä»¶æœªåˆå§‹åŒ–ä¸Šä¼ ","code_for_file_not_exists.en-us":"file not exists","code_for_file_not_exists.zh-cn":"æ–‡ä»¶ä¸å­˜åœ¨","code_for_internal_error.en-us":"internal error","code_for_internal_error.zh-cn":"æœåŠ¡å™¨å†…éƒ¨é”™è¯¯","code_for_permission_deny.en-us":"permission deny","code_for_permission_deny.zh-cn":"æƒé™ä¸è¶³"}[0m
[1;34m[DEBUG] 2025-08-06 22:49:58 I18næ–‡ä»¶ä¸º:{"code_for_bad_request.en-us":"bad request","code_for_bad_request.zh-cn":"é”™è¯¯è¯·æ±‚","code_for_box_not_exists.en-us":"box not exists","code_for_box_not_exists.zh-cn":"boxä¸å­˜åœ¨","code_for_file_exists.en-us":"file exists","code_for_file_exists.zh-cn":"æ–‡ä»¶å·²å­˜åœ¨","code_for_file_no_prepare_info.en-us":"file no prepare info","code_for_file_no_prepare_info.zh-cn":"æ–‡ä»¶æœªåˆå§‹åŒ–ä¸Šä¼ ","code_for_file_not_exists.en-us":"file not exists","code_for_file_not_exists.zh-cn":"æ–‡ä»¶ä¸å­˜åœ¨","code_for_internal_error.en-us":"internal error","code_for_internal_error.zh-cn":"æœåŠ¡å™¨å†…éƒ¨é”™è¯¯","code_for_permission_deny.en-us":"permission deny","code_for_permission_deny.zh-cn":"æƒé™ä¸è¶³"}[0m
[1;32m[INFO] 2025-08-06 22:49:58 methods=>[["POST","GET"]]	api=>[å¤„ç†websocketçš„handle]	path=>[/v1/ws]	desc=>[å¤„ç†websocketçš„handle][0m
[1;32m[INFO] 2025-08-06 22:49:58 methods=>[["GET"]]	api=>[ç¨‹åºå¥åº·æ£€æŸ¥]	path=>[/v1/checkalive]	desc=>[ç¨‹åºå¥åº·æ£€æŸ¥][0m
[1;32m[INFO] 2025-08-06 22:49:58 methods=>[["GET","POST"]]	api=>[cmdæŽ¥å£ï¼Œä½¿ç”¨ç»Ÿä¸€çš„ç»“æž„]	path=>[/v1/cmd]	desc=>[cmdæŽ¥å£ï¼Œä½¿ç”¨ç»Ÿä¸€çš„ç»“æž„][0m
[1;32m[INFO] 2025-08-06 22:49:58 methods=>[["POST"]]	api=>[ç™»å½•æŽ¥å£]	path=>[/login]	desc=>[ç™»å½•æŽ¥å£][0m
[1;32m[INFO] 2025-08-06 22:49:58 methods=>[["POST"]]	api=>[åˆ›å»º depot]	path=>[/media/deport/create]	desc=>[åˆ›å»º depot][0m
[1;32m[INFO] 2025-08-06 22:49:58 methods=>[["POST"]]	api=>[åˆ›å»º box]	path=>[/media/box/create]	desc=>[åˆ›å»º box][0m
[1;32m[INFO] 2025-08-06 22:49:58 methods=>[["POST","GET","HEAD"]]	api=>[æŸ¥çœ‹æ–‡ä»¶]	path=>[/media/file/:fid]	desc=>[æŸ¥çœ‹æ–‡ä»¶][0m
[1;32m[INFO] 2025-08-06 22:49:58 methods=>[["POST"]]	api=>[ç”³è¯·ä¸Šä¼ ]	path=>[/media/upload/apply]	desc=>[ç”³è¯·ä¸Šä¼ ][0m
[1;32m[INFO] 2025-08-06 22:49:58 methods=>[["POST"]]	api=>[å•æ–‡ä»¶ä¸Šä¼ ]	path=>[/media/upload/single/:fid]	desc=>[å•æ–‡ä»¶ä¸Šä¼ ][0m
[1;32m[INFO] 2025-08-06 22:49:58 
 __     __                 _                 
 \ \   / /   ___    _ __  | |_    ___  __  __
  \ \ / /   / _ \  | '__| | __|  / _ \ \ \/ /
   \ V /   | (_) | | |    | |_  |  __/  >  < 
    \_/     \___/  |_|     \__|  \___| /_/\_\
----------------------------------------------
 Vortex Server Start Success on 18080
==============================================
[0m
[1;32m[INFO] 2025-08-06 22:51:08 server config:{"Group":"default","Port":"18080","S3":{"Bucket":"file-storage","Endpoint":"http://127.0.0.1:19000","AccessKey":"admin","SecretKey":"1433223","Region":"cn-north"},"Server":{"DBConfig":{"redis":{"host":"127.0.0.1","port":26379,"username":"","password":"1433223"},"mongo":{"host":"127.0.0.1","port":37017,"username":"admin","password":"1433223"},"mysql":null},"Jwt":{"Secret":"123456","Expire":3600},"ConsoleJwt":{"Secret":"console","Expire":3600}},"Admin":{"Username":"aaron","Password":"aaron519"}}[0m
[1;33m[WARN] 2025-08-06 22:51:08 config:{"Username":"aaron","Password":"aaron519"}[0m
[1;31m[ERROR] 2025-08-06 22:51:08 BoxServer|CreateBox|InsertOne|err: write exception: write errors: [E11000 duplicate key error collection: media_storage.boxes_db index: _id_ dup key: { _id: "default" }][0m
[1;31m[ERROR] 2025-08-06 22:51:08 DepotServer|CreateDepot|InsertOne|err: write exception: write errors: [E11000 duplicate key error collection: media_storage.depots_db index: _id_ dup key: { _id: "default" }][0m
[1;34m[DEBUG] 2025-08-06 22:51:08 admin: aaron|password: aaron519[0m
[1;31m[ERROR] 2025-08-06 22:51:08 WithI18n|i18n:{"code_for_internal_error.zh-cn":"ç³»ç»Ÿå†…éƒ¨æ•…éšœ","code_for_params_invaild.zh-cn":"å‚æ•°é”™è¯¯","code_for_permission_deny.zh-cn":"æƒé™ä¸è¶³","code_for_success.en-us":"sucess","code_for_success.zh-cn":"è¯·æ±‚æˆåŠŸ","code_for_unauthorized.zh-cn":"æœªæŽˆæƒæˆ–tokenæ— æ•ˆ"}[0m
[1;31m[ERROR] 2025-08-06 22:51:08 WithI18n|i18n:{"code_for_bad_request.en-us":"bad request","code_for_bad_request.zh-cn":"é”™è¯¯è¯·æ±‚","code_for_box_not_exists.en-us":"box not exists","code_for_box_not_exists.zh-cn":"boxä¸å­˜åœ¨","code_for_file_exists.en-us":"file exists","code_for_file_exists.zh-cn":"æ–‡ä»¶å·²å­˜åœ¨","code_for_file_no_prepare_info.en-us":"file no prepare info","code_for_file_no_prepare_info.zh-cn":"æ–‡ä»¶æœªåˆå§‹åŒ–ä¸Šä¼ ","code_for_file_not_exists.en-us":"file not exists","code_for_file_not_exists.zh-cn":"æ–‡ä»¶ä¸å­˜åœ¨","code_for_internal_error.en-us":"internal error","code_for_internal_error.zh-cn":"ç³»ç»Ÿå†…éƒ¨æ•…éšœ","code_for_params_invaild.zh-cn":"å‚æ•°é”™è¯¯","code_for_permission_deny.en-us":"permission deny","code_for_permission_deny.zh-cn":"æƒé™ä¸è¶³","code_for_success.en-us":"sucess","code_for_success.zh-cn":"è¯·æ±‚æˆåŠŸ","code_for_unauthorized.zh-cn":"æœªæŽˆæƒæˆ–tokenæ— æ•ˆ"}[0m
[1;34m[DEBUG] 2025-08-06 22:51:08 I18næ–‡ä»¶ä¸º:{"code_for_bad_request.en-us":"bad request","code_for_bad_request.zh-cn":"é”™è¯¯è¯·æ±‚","code_for_box_not_exists.en-us":"box not exists","code_for_box_not_exists.zh-cn":"boxä¸å­˜åœ¨","code_for_file_exists.en-us":"file exists","code_for_file_exists.zh-cn":"æ–‡ä»¶å·²å­˜åœ¨","code_for_file_no_prepare_info.en-us":"file no prepare info","code_for_file_no_prepare_info.zh-cn":"æ–‡ä»¶æœªåˆå§‹åŒ–ä¸Šä¼ ","code_for_file_not_exists.en-us":"file not exists","code_for_file_not_exists.zh-cn":"æ–‡ä»¶ä¸å­˜åœ¨","code_for_internal_error.en-us":"internal error","code_for_internal_error.zh-cn":"ç³»ç»Ÿå†…éƒ¨æ•…éšœ","code_for_params_invaild.zh-cn":"å‚æ•°é”™è¯¯","code_for_permission_deny.en-us":"permission deny","code_for_permission_deny.zh-cn":"æƒé™ä¸è¶³","code_for_success.en-us":"sucess","code_for_success.zh-cn":"è¯·æ±‚æˆåŠŸ","code_for_unauthorized.zh-cn":"æœªæŽˆæƒæˆ–tokenæ— æ•ˆ"}[0m
[1;32m[INFO] 2025-08-06 22:51:08 methods=>[["POST","GET"]]	api=>[å¤„ç†websocketçš„handle]	path=>[/v1/ws]	desc=>[å¤„ç†websocketçš„handle][0m
[1;32m[INFO] 2025-08-06 22:51:08 methods=>[["GET"]]	api=>[ç¨‹åºå¥åº·æ£€æŸ¥]	path=>[/v1/checkalive]	desc=>[ç¨‹åºå¥åº·æ£€æŸ¥][0m
[1;32m[INFO] 2025-08-06 22:51:08 methods=>[["GET","POST"]]	api=>[cmdæŽ¥å£ï¼Œä½¿ç”¨ç»Ÿä¸€çš„ç»“æž„]	path=>[/v1/cmd]	desc=>[cmdæŽ¥å£ï¼Œä½¿ç”¨ç»Ÿä¸€çš„ç»“æž„][0m
[1;32m[INFO] 2025-08-06 22:51:08 methods=>[["POST"]]	api=>[ç™»å½•æŽ¥å£]	path=>[/login]	desc=>[ç™»å½•æŽ¥å£][0m
[1;32m[INFO] 2025-08-06 22:51:08 methods=>[["POST"]]	api=>[åˆ›å»º depot]	path=>[/media/deport/create]	desc=>[åˆ›å»º depot][0m
[1;32m[INFO] 2025-08-06 22:51:08 methods=>[["POST"]]	api=>[åˆ›å»º box]	path=>[/media/box/create]	desc=>[åˆ›å»º box][0m
[1;32m[INFO] 2025-08-06 22:51:08 methods=>[["POST","GET","HEAD"]]	api=>[æŸ¥çœ‹æ–‡ä»¶]	path=>[/media/file/:fid]	desc=>[æŸ¥çœ‹æ–‡ä»¶][0m
[1;32m[INFO] 2025-08-06 22:51:08 methods=>[["POST"]]	api=>[ç”³è¯·ä¸Šä¼ ]	path=>[/media/upload/apply]	desc=>[ç”³è¯·ä¸Šä¼ ][0m
[1;32m[INFO] 2025-08-06 22:51:08 methods=>[["POST"]]	api=>[å•æ–‡ä»¶ä¸Šä¼ ]	path=>[/media/upload/single/:fid]	desc=>[å•æ–‡ä»¶ä¸Šä¼ ][0m
[1;32m[INFO] 2025-08-06 22:51:08 
 __     __                 _                 
 \ \   / /   ___    _ __  | |_    ___  __  __
  \ \ / /   / _ \  | '__| | __|  / _ \ \ \/ /
   \ V /   | (_) | | |    | |_  |  __/  >  < 
    \_/     \___/  |_|     \__|  \___| /_/\_\
----------------------------------------------
 Vortex Server Start Success on 18080
==============================================
[0m
[1;32m[INFO] 2025-08-06 22:52:02 server config:{"Group":"default","Port":"18080","S3":{"Bucket":"file-storage","Endpoint":"http://127.0.0.1:19000","AccessKey":"admin","SecretKey":"1433223","Region":"cn-north"},"Server":{"DBConfig":{"redis":{"host":"127.0.0.1","port":26379,"username":"","password":"1433223"},"mongo":{"host":"127.0.0.1","port":37017,"username":"admin","password":"1433223"},"mysql":null},"Jwt":{"Secret":"123456","Expire":3600},"ConsoleJwt":{"Secret":"console","Expire":3600}},"Admin":{"Username":"aaron","Password":"aaron519"}}[0m
[1;33m[WARN] 2025-08-06 22:52:02 config:{"Username":"aaron","Password":"aaron519"}[0m
[1;31m[ERROR] 2025-08-06 22:52:02 BoxServer|CreateBox|InsertOne|err: write exception: write errors: [E11000 duplicate key error collection: media_storage.boxes_db index: _id_ dup key: { _id: "default" }][0m
[1;31m[ERROR] 2025-08-06 22:52:02 DepotServer|CreateDepot|InsertOne|err: write exception: write errors: [E11000 duplicate key error collection: media_storage.depots_db index: _id_ dup key: { _id: "default" }][0m
[1;34m[DEBUG] 2025-08-06 22:52:02 admin: aaron|password: aaron519[0m
[1;32m[INFO] 2025-08-06 22:52:02 methods=>[["POST","GET"]]	api=>[å¤„ç†websocketçš„handle]	path=>[/v1/ws]	desc=>[å¤„ç†websocketçš„handle][0m
[1;32m[INFO] 2025-08-06 22:52:02 methods=>[["GET"]]	api=>[ç¨‹åºå¥åº·æ£€æŸ¥]	path=>[/v1/checkalive]	desc=>[ç¨‹åºå¥åº·æ£€æŸ¥][0m
[1;32m[INFO] 2025-08-06 22:52:02 methods=>[["GET","POST"]]	api=>[cmdæŽ¥å£ï¼Œä½¿ç”¨ç»Ÿä¸€çš„ç»“æž„]	path=>[/v1/cmd]	desc=>[cmdæŽ¥å£ï¼Œä½¿ç”¨ç»Ÿä¸€çš„ç»“æž„][0m
[1;32m[INFO] 2025-08-06 22:52:02 methods=>[["POST"]]	api=>[ç™»å½•æŽ¥å£]	path=>[/login]	desc=>[ç™»å½•æŽ¥å£][0m
[1;32m[INFO] 2025-08-06 22:52:02 methods=>[["POST"]]	api=>[åˆ›å»º depot]	path=>[/media/deport/create]	desc=>[åˆ›å»º depot][0m
[1;32m[INFO] 2025-08-06 22:52:02 methods=>[["POST"]]	api=>[åˆ›å»º box]	path=>[/media/box/create]	desc=>[åˆ›å»º box][0m
[1;32m[INFO] 2025-08-06 22:52:02 methods=>[["POST","GET","HEAD"]]	api=>[æŸ¥çœ‹æ–‡ä»¶]	path=>[/media/file/:fid]	desc=>[æŸ¥çœ‹æ–‡ä»¶][0m
[1;32m[INFO] 2025-08-06 22:52:02 methods=>[["POST"]]	api=>[ç”³è¯·ä¸Šä¼ ]	path=>[/media/upload/apply]	desc=>[ç”³è¯·ä¸Šä¼ ][0m
[1;32m[INFO] 2025-08-06 22:52:02 methods=>[["POST"]]	api=>[å•æ–‡ä»¶ä¸Šä¼ ]	path=>[/media/upload/single/:fid]	desc=>[å•æ–‡ä»¶ä¸Šä¼ ][0m
[1;32m[INFO] 2025-08-06 22:52:02 
 __     __                 _                 
 \ \   / /   ___    _ __  | |_    ___  __  __
  \ \ / /   / _ \  | '__| | __|  / _ \ \ \/ /
   \ V /   | (_) | | |    | |_  |  __/  >  < 
    \_/     \___/  |_|     \__|  \___| /_/\_\
----------------------------------------------
 Vortex Server Start Success on 18080
==============================================
[0m
[1;32m[INFO] 2025-08-06 22:55:01 server config:{"Group":"default","Port":"18080","S3":{"Bucket":"file-storage","Endpoint":"http://127.0.0.1:19000","AccessKey":"admin","SecretKey":"1433223","Region":"cn-north"},"Server":{"DBConfig":{"redis":{"host":"127.0.0.1","port":26379,"username":"","password":"1433223"},"mongo":{"host":"127.0.0.1","port":37017,"username":"admin","password":"1433223"},"mysql":null},"Jwt":{"Secret":"123456","Expire":3600},"ConsoleJwt":{"Secret":"console","Expire":3600}},"Admin":{"Username":"aaron","Password":"aaron519"}}[0m
[1;33m[WARN] 2025-08-06 22:55:01 config:{"Username":"aaron","Password":"aaron519"}[0m
[1;31m[ERROR] 2025-08-06 22:55:01 BoxServer|CreateBox|InsertOne|err: write exception: write errors: [E11000 duplicate key error collection: media_storage.boxes_db index: _id_ dup key: { _id: "default" }][0m
[1;31m[ERROR] 2025-08-06 22:55:01 DepotServer|CreateDepot|InsertOne|err: write exception: write errors: [E11000 duplicate key error collection: media_storage.depots_db index: _id_ dup key: { _id: "default" }][0m
[1;32m[INFO] 2025-08-06 22:55:01 methods=>[["POST","GET"]]	api=>[å¤„ç†websocketçš„handle]	path=>[/v1/ws]	desc=>[å¤„ç†websocketçš„handle][0m
[1;32m[INFO] 2025-08-06 22:55:01 methods=>[["GET"]]	api=>[ç¨‹åºå¥åº·æ£€æŸ¥]	path=>[/v1/checkalive]	desc=>[ç¨‹åºå¥åº·æ£€æŸ¥][0m
[1;32m[INFO] 2025-08-06 22:55:01 methods=>[["GET","POST"]]	api=>[cmdæŽ¥å£ï¼Œä½¿ç”¨ç»Ÿä¸€çš„ç»“æž„]	path=>[/v1/cmd]	desc=>[cmdæŽ¥å£ï¼Œä½¿ç”¨ç»Ÿä¸€çš„ç»“æž„][0m
[1;32m[INFO] 2025-08-06 22:55:01 methods=>[["POST"]]	api=>[ç™»å½•æŽ¥å£]	path=>[/login]	desc=>[ç™»å½•æŽ¥å£][0m
[1;32m[INFO] 2025-08-06 22:55:01 methods=>[["POST"]]	api=>[åˆ›å»º depot]	path=>[/media/deport/create]	desc=>[åˆ›å»º depot][0m
[1;32m[INFO] 2025-08-06 22:55:01 methods=>[["POST"]]	api=>[åˆ›å»º box]	path=>[/media/box/create]	desc=>[åˆ›å»º box][0m
[1;32m[INFO] 2025-08-06 22:55:01 methods=>[["POST","GET","HEAD"]]	api=>[æŸ¥çœ‹æ–‡ä»¶]	path=>[/media/file/:fid]	desc=>[æŸ¥çœ‹æ–‡ä»¶][0m
[1;32m[INFO] 2025-08-06 22:55:01 methods=>[["POST"]]	api=>[ç”³è¯·ä¸Šä¼ ]	path=>[/media/upload/apply]	desc=>[ç”³è¯·ä¸Šä¼ ][0m
[1;32m[INFO] 2025-08-06 22:55:01 methods=>[["POST"]]	api=>[å•æ–‡ä»¶ä¸Šä¼ ]	path=>[/media/upload/single/:fid]	desc=>[å•æ–‡ä»¶ä¸Šä¼ ][0m
[1;32m[INFO] 2025-08-06 22:55:01 
 __     __                 _                 
 \ \   / /   ___    _ __  | |_    ___  __  __
  \ \ / /   / _ \  | '__| | __|  / _ \ \ \/ /
   \ V /   | (_) | | |    | |_  |  __/  >  < 
    \_/     \___/  |_|     \__|  \___| /_/\_\
----------------------------------------------
 Vortex Server Start Success on 18080
==============================================
[0m
[1;32m[INFO] 2025-08-06 22:55:36 server config:{"Group":"default","Port":"18080","S3":{"Bucket":"file-storage","Endpoint":"http://127.0.0.1:19000","AccessKey":"admin","SecretKey":"1433223","Region":"cn-north"},"Server":{"DBConfig":{"redis":{"host":"127.0.0.1","port":26379,"username":"","password":"1433223"},"mongo":{"host":"127.0.0.1","port":37017,"username":"admin","password":"1433223"},"mysql":null},"Jwt":{"Secret":"123456","Expire":3600},"ConsoleJwt":{"Secret":"console","Expire":3600}},"Admin":{"Username":"aaron","Password":"aaron519"}}[0m
[1;31m[ERROR] 2025-08-06 22:55:36 BoxServer|CreateBox|InsertOne|err: write exception: write errors: [E11000 duplicate key error collection: media_storage.boxes_db index: _id_ dup key: { _id: "default" }][0m
[1;31m[ERROR] 2025-08-06 22:55:36 DepotServer|CreateDepot|InsertOne|err: write exception: write errors: [E11000 duplicate key error collection: media_storage.depots_db index: _id_ dup key: { _id: "default" }][0m
[1;32m[INFO] 2025-08-06 22:55:36 methods=>[["POST","GET"]]	api=>[å¤„ç†websocketçš„handle]	path=>[/v1/ws]	desc=>[å¤„ç†websocketçš„handle][0m
[1;32m[INFO] 2025-08-06 22:55:36 methods=>[["GET"]]	api=>[ç¨‹åºå¥åº·æ£€æŸ¥]	path=>[/v1/checkalive]	desc=>[ç¨‹åºå¥åº·æ£€æŸ¥][0m
[1;32m[INFO] 2025-08-06 22:55:36 methods=>[["GET","POST"]]	api=>[cmdæŽ¥å£ï¼Œä½¿ç”¨ç»Ÿä¸€çš„ç»“æž„]	path=>[/v1/cmd]	desc=>[cmdæŽ¥å£ï¼Œä½¿ç”¨ç»Ÿä¸€çš„ç»“æž„][0m
[1;32m[INFO] 2025-08-06 22:55:36 methods=>[["POST"]]	api=>[ç™»å½•æŽ¥å£]	path=>[/login]	desc=>[ç™»å½•æŽ¥å£][0m
[1;32m[INFO] 2025-08-06 22:55:36 methods=>[["POST"]]	api=>[åˆ›å»º depot]	path=>[/media/deport/create]	desc=>[åˆ›å»º depot][0m
[1;32m[INFO] 2025-08-06 22:55:36 methods=>[["POST"]]	api=>[åˆ›å»º box]	path=>[/media/box/create]	desc=>[åˆ›å»º box][0m
[1;32m[INFO] 2025-08-06 22:55:36 methods=>[["POST","GET","HEAD"]]	api=>[æŸ¥çœ‹æ–‡ä»¶]	path=>[/media/file/:fid]	desc=>[æŸ¥çœ‹æ–‡ä»¶][0m
[1;32m[INFO] 2025-08-06 22:55:36 methods=>[["POST"]]	api=>[ç”³è¯·ä¸Šä¼ ]	path=>[/media/upload/apply]	desc=>[ç”³è¯·ä¸Šä¼ ][0m
[1;32m[INFO] 2025-08-06 22:55:36 methods=>[["POST"]]	api=>[å•æ–‡ä»¶ä¸Šä¼ ]	path=>[/media/upload/single/:fid]	desc=>[å•æ–‡ä»¶ä¸Šä¼ ][0m
[1;32m[INFO] 2025-08-06 22:55:36 
 __     __                 _                 
 \ \   / /   ___    _ __  | |_    ___  __  __
  \ \ / /   / _ \  | '__| | __|  / _ \ \ \/ /
   \ V /   | (_) | | |    | |_  |  __/  >  < 
    \_/     \___/  |_|     \__|  \___| /_/\_\
----------------------------------------------
 Vortex Server Start Success on 18080
==============================================
[0m
[1;32m[INFO] 2025-08-06 23:08:54 req ==>> [ POST /media/upload/apply ][0m
[1;32m[INFO] 2025-08-06 23:08:54 vortex|VerifyMw|VerifyJwt token: Bearer eyJhbGciOiJIUzI1NiIsInR5cCI6IkpXVCJ9.eyJleHBpcmVzIjoxNzU0NDA5OTUwLCJ1aWQiOiJhYXJvbiJ9.63e-SoAsLK9WkngTFnbQEJtMbROPg6ASw-NSaiOIxIU[0m
[1;32m[INFO] 2025-08-06 23:08:54 BoxServer|QueryBoxInfo|box: {"box_id":"default","box_name":"default","depot_id":"default"}[0m
[1;32m[INFO] 2025-08-06 23:08:54 StorageCoreServer|ApplyUpload|CreatePrepareFileInfo|info: {"fid":"v1-1be819fb-6e30-4b2b-9184-dec251e74d91","file_name":"å¤´åƒ01.jpg","content_md5":"30fd5ded6213e0b66d77f035ef301999","content_type":"image/jpeg","content_length":39432,"box_info":{"box_id":"default","box_name":"default","depot_id":"default"}}[0m
[1;32m[INFO] 2025-08-06 23:08:54 HandleApplyUpload|ApplyUpload|fid: v1-1be819fb-6e30-4b2b-9184-dec251e74d91|fileInfo: {"fid":"v1-1be819fb-6e30-4b2b-9184-dec251e74d91","file_name":"å¤´åƒ01.jpg","content_length":39432,"content_md5":"30fd5ded6213e0b66d77f035ef301999","content_type":"image/jpeg","uploader":"aaron","box_id":"default"}[0m
[1;32m[INFO] 2025-08-06 23:08:54 getEmByLang|key:code_for_success.zh-cn[0m
[1;32m[INFO] 2025-08-06 23:08:54 HttpJsonResponse|status:{"RespCode":200,"I18nKey":"code_for_success"}[0m
[1;32m[INFO] 2025-08-06 23:08:54 rsp ==>> [ 200 /media/upload/apply ][0m
[1;32m[INFO] 2025-08-06 23:16:18 req ==>> [ POST /media/upload/single/v1-1be819fb-6e30-4b2b-9184-dec251e74d91 ][0m
[1;32m[INFO] 2025-08-06 23:16:18 vortex|VerifyMw|VerifyJwt token: Bearer eyJhbGciOiJIUzI1NiIsInR5cCI6IkpXVCJ9.eyJleHBpcmVzIjoxNzU0NDA5OTUwLCJ1aWQiOiJhYXJvbiJ9.63e-SoAsLK9WkngTFnbQEJtMbROPg6ASw-NSaiOIxIU[0m
[1;31m[ERROR] 2025-08-06 23:16:18 BoxServer|QueryBoxInfo|FindOne|err: mongo: no documents in result[0m
[1;31m[ERROR] 2025-08-06 23:16:18 StorageCoreServer|SingleUpload|QueryBoxInfo|boxId: |err: box not exist[0m
[1;31m[ERROR] 2025-08-06 23:16:18 HandleSingleUpload|SingleUpload|fid: v1-1be819fb-6e30-4b2b-9184-dec251e74d91|err: box not exist[0m
[1;32m[INFO] 2025-08-06 23:16:18 getEmByLang|key:code_for_box_not_exists.zh-cn[0m
[1;32m[INFO] 2025-08-06 23:16:18 HttpJsonResponse|status:{"RespCode":200,"I18nKey":"code_for_box_not_exists"}[0m
[1;32m[INFO] 2025-08-06 23:16:18 rsp ==>> [ 200 /media/upload/single/v1-1be819fb-6e30-4b2b-9184-dec251e74d91 ][0m
[1;32m[INFO] 2025-08-06 23:22:29 req ==>> [ POST /media/upload/single/v1-1be819fb-6e30-4b2b-9184-dec251e74d91?boxId=default ][0m
[1;32m[INFO] 2025-08-06 23:22:29 vortex|VerifyMw|VerifyJwt token: Bearer eyJhbGciOiJIUzI1NiIsInR5cCI6IkpXVCJ9.eyJleHBpcmVzIjoxNzU0NDA5OTUwLCJ1aWQiOiJhYXJvbiJ9.63e-SoAsLK9WkngTFnbQEJtMbROPg6ASw-NSaiOIxIU[0m
[1;31m[ERROR] 2025-08-06 23:22:29 BoxServer|QueryBoxInfo|FindOne|err: mongo: no documents in result[0m
[1;31m[ERROR] 2025-08-06 23:22:29 StorageCoreServer|SingleUpload|QueryBoxInfo|boxId: |err: box not exist[0m
[1;31m[ERROR] 2025-08-06 23:22:29 HandleSingleUpload|SingleUpload|fid: v1-1be819fb-6e30-4b2b-9184-dec251e74d91|err: box not exist[0m
[1;32m[INFO] 2025-08-06 23:22:29 getEmByLang|key:code_for_box_not_exists.zh-cn[0m
[1;32m[INFO] 2025-08-06 23:22:29 HttpJsonResponse|status:{"RespCode":200,"I18nKey":"code_for_box_not_exists"}[0m
[1;32m[INFO] 2025-08-06 23:22:29 rsp ==>> [ 200 /media/upload/single/v1-1be819fb-6e30-4b2b-9184-dec251e74d91?boxId=default ][0m
[1;32m[INFO] 2025-08-06 23:23:11 server config:{"Group":"default","Port":"18080","S3":{"Bucket":"file-storage","Endpoint":"http://127.0.0.1:19000","AccessKey":"admin","SecretKey":"1433223","Region":"cn-north"},"Server":{"DBConfig":{"redis":{"host":"127.0.0.1","port":26379,"username":"","password":"1433223"},"mongo":{"host":"127.0.0.1","port":37017,"username":"admin","password":"1433223"},"mysql":null},"Jwt":{"Secret":"123456","Expire":3600},"ConsoleJwt":{"Secret":"console","Expire":3600}},"Admin":{"Username":"aaron","Password":"aaron519"}}[0m
[1;31m[ERROR] 2025-08-06 23:23:11 BoxServer|CreateBox|InsertOne|err: write exception: write errors: [E11000 duplicate key error collection: media_storage.boxes_db index: _id_ dup key: { _id: "default" }][0m
[1;31m[ERROR] 2025-08-06 23:23:11 DepotServer|CreateDepot|InsertOne|err: write exception: write errors: [E11000 duplicate key error collection: media_storage.depots_db index: _id_ dup key: { _id: "default" }][0m
[1;32m[INFO] 2025-08-06 23:23:11 methods=>[["POST","GET"]]	api=>[å¤„ç†websocketçš„handle]	path=>[/v1/ws]	desc=>[å¤„ç†websocketçš„handle][0m
[1;32m[INFO] 2025-08-06 23:23:11 methods=>[["GET"]]	api=>[ç¨‹åºå¥åº·æ£€æŸ¥]	path=>[/v1/checkalive]	desc=>[ç¨‹åºå¥åº·æ£€æŸ¥][0m
[1;32m[INFO] 2025-08-06 23:23:11 methods=>[["GET","POST"]]	api=>[cmdæŽ¥å£ï¼Œä½¿ç”¨ç»Ÿä¸€çš„ç»“æž„]	path=>[/v1/cmd]	desc=>[cmdæŽ¥å£ï¼Œä½¿ç”¨ç»Ÿä¸€çš„ç»“æž„][0m
[1;32m[INFO] 2025-08-06 23:23:11 methods=>[["POST"]]	api=>[ç™»å½•æŽ¥å£]	path=>[/login]	desc=>[ç™»å½•æŽ¥å£][0m
[1;32m[INFO] 2025-08-06 23:23:11 methods=>[["POST"]]	api=>[åˆ›å»º depot]	path=>[/media/deport/create]	desc=>[åˆ›å»º depot][0m
[1;32m[INFO] 2025-08-06 23:23:11 methods=>[["POST"]]	api=>[åˆ›å»º box]	path=>[/media/box/create]	desc=>[åˆ›å»º box][0m
[1;32m[INFO] 2025-08-06 23:23:11 methods=>[["POST","GET","HEAD"]]	api=>[æŸ¥çœ‹æ–‡ä»¶]	path=>[/media/file/:fid]	desc=>[æŸ¥çœ‹æ–‡ä»¶][0m
[1;32m[INFO] 2025-08-06 23:23:11 methods=>[["POST"]]	api=>[ç”³è¯·ä¸Šä¼ ]	path=>[/media/upload/apply]	desc=>[ç”³è¯·ä¸Šä¼ ][0m
[1;32m[INFO] 2025-08-06 23:23:11 methods=>[["POST"]]	api=>[å•æ–‡ä»¶ä¸Šä¼ ]	path=>[/media/upload/single/:fid]	desc=>[å•æ–‡ä»¶ä¸Šä¼ ][0m
[1;32m[INFO] 2025-08-06 23:23:11 
 __     __                 _                 
 \ \   / /   ___    _ __  | |_    ___  __  __
  \ \ / /   / _ \  | '__| | __|  / _ \ \ \/ /
   \ V /   | (_) | | |    | |_  |  __/  >  < 
    \_/     \___/  |_|     \__|  \___| /_/\_\
----------------------------------------------
 Vortex Server Start Success on 18080
==============================================
[0m
[1;32m[INFO] 2025-08-06 23:23:16 req ==>> [ POST /media/upload/single/v1-1be819fb-6e30-4b2b-9184-dec251e74d91?boxId=default ][0m
[1;32m[INFO] 2025-08-06 23:23:16 vortex|VerifyMw|VerifyJwt token: Bearer eyJhbGciOiJIUzI1NiIsInR5cCI6IkpXVCJ9.eyJleHBpcmVzIjoxNzU0NDA5OTUwLCJ1aWQiOiJhYXJvbiJ9.63e-SoAsLK9WkngTFnbQEJtMbROPg6ASw-NSaiOIxIU[0m
[1;31m[ERROR] 2025-08-06 23:23:16 BoxServer|QueryBoxInfo|FindOne|boxId: |err: mongo: no documents in result[0m
[1;31m[ERROR] 2025-08-06 23:23:16 StorageCoreServer|SingleUpload|QueryBoxInfo|boxId: |err: box not exist[0m
[1;31m[ERROR] 2025-08-06 23:23:16 HandleSingleUpload|SingleUpload|fid: v1-1be819fb-6e30-4b2b-9184-dec251e74d91|err: box not exist[0m
[1;32m[INFO] 2025-08-06 23:23:16 getEmByLang|key:code_for_box_not_exists.zh-cn[0m
[1;32m[INFO] 2025-08-06 23:23:16 HttpJsonResponse|status:{"RespCode":200,"I18nKey":"code_for_box_not_exists"}[0m
[1;32m[INFO] 2025-08-06 23:23:16 rsp ==>> [ 200 /media/upload/single/v1-1be819fb-6e30-4b2b-9184-dec251e74d91?boxId=default ][0m
[1;32m[INFO] 2025-08-06 23:23:52 server config:{"Group":"default","Port":"18080","S3":{"Bucket":"file-storage","Endpoint":"http://127.0.0.1:19000","AccessKey":"admin","SecretKey":"1433223","Region":"cn-north"},"Server":{"DBConfig":{"redis":{"host":"127.0.0.1","port":26379,"username":"","password":"1433223"},"mongo":{"host":"127.0.0.1","port":37017,"username":"admin","password":"1433223"},"mysql":null},"Jwt":{"Secret":"123456","Expire":3600},"ConsoleJwt":{"Secret":"console","Expire":3600}},"Admin":{"Username":"aaron","Password":"aaron519"}}[0m
[1;31m[ERROR] 2025-08-06 23:23:52 BoxServer|CreateBox|InsertOne|err: write exception: write errors: [E11000 duplicate key error collection: media_storage.boxes_db index: _id_ dup key: { _id: "default" }][0m
[1;31m[ERROR] 2025-08-06 23:23:52 DepotServer|CreateDepot|InsertOne|err: write exception: write errors: [E11000 duplicate key error collection: media_storage.depots_db index: _id_ dup key: { _id: "default" }][0m
[1;32m[INFO] 2025-08-06 23:23:52 methods=>[["POST","GET"]]	api=>[å¤„ç†websocketçš„handle]	path=>[/v1/ws]	desc=>[å¤„ç†websocketçš„handle][0m
[1;32m[INFO] 2025-08-06 23:23:52 methods=>[["GET"]]	api=>[ç¨‹åºå¥åº·æ£€æŸ¥]	path=>[/v1/checkalive]	desc=>[ç¨‹åºå¥åº·æ£€æŸ¥][0m
[1;32m[INFO] 2025-08-06 23:23:52 methods=>[["GET","POST"]]	api=>[cmdæŽ¥å£ï¼Œä½¿ç”¨ç»Ÿä¸€çš„ç»“æž„]	path=>[/v1/cmd]	desc=>[cmdæŽ¥å£ï¼Œä½¿ç”¨ç»Ÿä¸€çš„ç»“æž„][0m
[1;32m[INFO] 2025-08-06 23:23:52 methods=>[["POST"]]	api=>[ç™»å½•æŽ¥å£]	path=>[/login]	desc=>[ç™»å½•æŽ¥å£][0m
[1;32m[INFO] 2025-08-06 23:23:52 methods=>[["POST"]]	api=>[åˆ›å»º depot]	path=>[/media/deport/create]	desc=>[åˆ›å»º depot][0m
[1;32m[INFO] 2025-08-06 23:23:52 methods=>[["POST"]]	api=>[åˆ›å»º box]	path=>[/media/box/create]	desc=>[åˆ›å»º box][0m
[1;32m[INFO] 2025-08-06 23:23:52 methods=>[["POST","GET","HEAD"]]	api=>[æŸ¥çœ‹æ–‡ä»¶]	path=>[/media/file/:fid]	desc=>[æŸ¥çœ‹æ–‡ä»¶][0m
[1;32m[INFO] 2025-08-06 23:23:52 methods=>[["POST"]]	api=>[ç”³è¯·ä¸Šä¼ ]	path=>[/media/upload/apply]	desc=>[ç”³è¯·ä¸Šä¼ ][0m
[1;32m[INFO] 2025-08-06 23:23:52 methods=>[["POST"]]	api=>[å•æ–‡ä»¶ä¸Šä¼ ]	path=>[/media/upload/single/:fid]	desc=>[å•æ–‡ä»¶ä¸Šä¼ ][0m
[1;32m[INFO] 2025-08-06 23:23:52 
 __     __                 _                 
 \ \   / /   ___    _ __  | |_    ___  __  __
  \ \ / /   / _ \  | '__| | __|  / _ \ \ \/ /
   \ V /   | (_) | | |    | |_  |  __/  >  < 
    \_/     \___/  |_|     \__|  \___| /_/\_\
----------------------------------------------
 Vortex Server Start Success on 18080
==============================================
[0m
[1;32m[INFO] 2025-08-06 23:23:58 req ==>> [ POST /media/upload/single/v1-1be819fb-6e30-4b2b-9184-dec251e74d91?boxId=default ][0m
[1;32m[INFO] 2025-08-06 23:23:58 vortex|VerifyMw|VerifyJwt token: Bearer eyJhbGciOiJIUzI1NiIsInR5cCI6IkpXVCJ9.eyJleHBpcmVzIjoxNzU0NDA5OTUwLCJ1aWQiOiJhYXJvbiJ9.63e-SoAsLK9WkngTFnbQEJtMbROPg6ASw-NSaiOIxIU[0m
[1;32m[INFO] 2025-08-06 23:23:58 BoxServer|QueryBoxInfo|box|{"box_id":"default","box_name":"default","depot_id":"default"}[0m
[1;31m[ERROR] 2025-08-06 23:23:58 S3Server|SaveFileData|PutObject|err: operation error S3: PutObject, https response error StatusCode: 403, RequestID: 185936D9A921E555, HostID: dd9025bab4ad464b049177c95eb6ebf374d3b3fd1af9251148b658df7ac2e3e8, api error SignatureDoesNotMatch: The request signature we calculated does not match the signature you provided. Check your key and signing method.[0m
[1;31m[ERROR] 2025-08-06 23:23:58 StorageCoreServer|SingleUpload|SaveFileData|boxId: default|fid: v1-1be819fb-6e30-4b2b-9184-dec251e74d91|err: operation error S3: PutObject, https response error StatusCode: 403, RequestID: 185936D9A921E555, HostID: dd9025bab4ad464b049177c95eb6ebf374d3b3fd1af9251148b658df7ac2e3e8, api error SignatureDoesNotMatch: The request signature we calculated does not match the signature you provided. Check your key and signing method.[0m
[1;31m[ERROR] 2025-08-06 23:23:58 HandleSingleUpload|SingleUpload|fid: v1-1be819fb-6e30-4b2b-9184-dec251e74d91|err: operation error S3: PutObject, https response error StatusCode: 403, RequestID: 185936D9A921E555, HostID: dd9025bab4ad464b049177c95eb6ebf374d3b3fd1af9251148b658df7ac2e3e8, api error SignatureDoesNotMatch: The request signature we calculated does not match the signature you provided. Check your key and signing method.[0m
[1;32m[INFO] 2025-08-06 23:23:58 getEmByLang|key:code_for_success.zh-cn[0m
[1;32m[INFO] 2025-08-06 23:23:58 HttpJsonResponse|status:{"RespCode":200,"I18nKey":"code_for_success"}[0m
[1;32m[INFO] 2025-08-06 23:23:58 rsp ==>> [ 200 /media/upload/single/v1-1be819fb-6e30-4b2b-9184-dec251e74d91?boxId=default ][0m
[1;32m[INFO] 2025-08-06 23:25:25 server config:{"Group":"default","Port":"18080","S3":{"Bucket":"file-storage","Endpoint":"http://127.0.0.1:19000","AccessKey":"admin","SecretKey":"1433223","Region":"cn-north"},"Server":{"DBConfig":{"redis":{"host":"127.0.0.1","port":26379,"username":"","password":"1433223"},"mongo":{"host":"127.0.0.1","port":37017,"username":"admin","password":"1433223"},"mysql":null},"Jwt":{"Secret":"123456","Expire":3600},"ConsoleJwt":{"Secret":"console","Expire":3600}},"Admin":{"Username":"aaron","Password":"aaron519"}}[0m
[1;31m[ERROR] 2025-08-06 23:25:25 BoxServer|CreateBox|InsertOne|err: write exception: write errors: [E11000 duplicate key error collection: media_storage.boxes_db index: _id_ dup key: { _id: "default" }][0m
[1;31m[ERROR] 2025-08-06 23:25:25 DepotServer|CreateDepot|InsertOne|err: write exception: write errors: [E11000 duplicate key error collection: media_storage.depots_db index: _id_ dup key: { _id: "default" }][0m
[1;32m[INFO] 2025-08-06 23:25:25 methods=>[["POST","GET"]]	api=>[å¤„ç†websocketçš„handle]	path=>[/v1/ws]	desc=>[å¤„ç†websocketçš„handle][0m
[1;32m[INFO] 2025-08-06 23:25:25 methods=>[["GET"]]	api=>[ç¨‹åºå¥åº·æ£€æŸ¥]	path=>[/v1/checkalive]	desc=>[ç¨‹åºå¥åº·æ£€æŸ¥][0m
[1;32m[INFO] 2025-08-06 23:25:25 methods=>[["GET","POST"]]	api=>[cmdæŽ¥å£ï¼Œä½¿ç”¨ç»Ÿä¸€çš„ç»“æž„]	path=>[/v1/cmd]	desc=>[cmdæŽ¥å£ï¼Œä½¿ç”¨ç»Ÿä¸€çš„ç»“æž„][0m
[1;32m[INFO] 2025-08-06 23:25:25 methods=>[["POST"]]	api=>[ç™»å½•æŽ¥å£]	path=>[/login]	desc=>[ç™»å½•æŽ¥å£][0m
[1;32m[INFO] 2025-08-06 23:25:25 methods=>[["POST"]]	api=>[åˆ›å»º depot]	path=>[/media/deport/create]	desc=>[åˆ›å»º depot][0m
[1;32m[INFO] 2025-08-06 23:25:25 methods=>[["POST"]]	api=>[åˆ›å»º box]	path=>[/media/box/create]	desc=>[åˆ›å»º box][0m
[1;32m[INFO] 2025-08-06 23:25:25 methods=>[["POST","GET","HEAD"]]	api=>[æŸ¥çœ‹æ–‡ä»¶]	path=>[/media/file/:fid]	desc=>[æŸ¥çœ‹æ–‡ä»¶][0m
[1;32m[INFO] 2025-08-06 23:25:25 methods=>[["POST"]]	api=>[ç”³è¯·ä¸Šä¼ ]	path=>[/media/upload/apply]	desc=>[ç”³è¯·ä¸Šä¼ ][0m
[1;32m[INFO] 2025-08-06 23:25:25 methods=>[["POST"]]	api=>[å•æ–‡ä»¶ä¸Šä¼ ]	path=>[/media/upload/single/:fid]	desc=>[å•æ–‡ä»¶ä¸Šä¼ ][0m
[1;32m[INFO] 2025-08-06 23:25:25 
 __     __                 _                 
 \ \   / /   ___    _ __  | |_    ___  __  __
  \ \ / /   / _ \  | '__| | __|  / _ \ \ \/ /
   \ V /   | (_) | | |    | |_  |  __/  >  < 
    \_/     \___/  |_|     \__|  \___| /_/\_\
----------------------------------------------
 Vortex Server Start Success on 18080
==============================================
[0m
[1;32m[INFO] 2025-08-06 23:25:30 req ==>> [ POST /media/upload/single/v1-1be819fb-6e30-4b2b-9184-dec251e74d91?boxId=default ][0m
[1;32m[INFO] 2025-08-06 23:25:30 vortex|VerifyMw|VerifyJwt token: Bearer eyJhbGciOiJIUzI1NiIsInR5cCI6IkpXVCJ9.eyJleHBpcmVzIjoxNzU0NDA5OTUwLCJ1aWQiOiJhYXJvbiJ9.63e-SoAsLK9WkngTFnbQEJtMbROPg6ASw-NSaiOIxIU[0m
[1;32m[INFO] 2025-08-06 23:25:30 BoxServer|QueryBoxInfo|box|{"box_id":"default","box_name":"default","depot_id":"default"}[0m
[1;31m[ERROR] 2025-08-06 23:25:30 S3Server|SaveFileData|PutObject|err: operation error S3: PutObject, https response error StatusCode: 403, RequestID: 185936EF10F434D5, HostID: dd9025bab4ad464b049177c95eb6ebf374d3b3fd1af9251148b658df7ac2e3e8, api error SignatureDoesNotMatch: The request signature we calculated does not match the signature you provided. Check your key and signing method.[0m
[1;31m[ERROR] 2025-08-06 23:25:30 StorageCoreServer|SingleUpload|SaveFileData|boxId: default|fid: v1-1be819fb-6e30-4b2b-9184-dec251e74d91|err: operation error S3: PutObject, https response error StatusCode: 403, RequestID: 185936EF10F434D5, HostID: dd9025bab4ad464b049177c95eb6ebf374d3b3fd1af9251148b658df7ac2e3e8, api error SignatureDoesNotMatch: The request signature we calculated does not match the signature you provided. Check your key and signing method.[0m
[1;31m[ERROR] 2025-08-06 23:25:30 HandleSingleUpload|SingleUpload|fid: v1-1be819fb-6e30-4b2b-9184-dec251e74d91|err: operation error S3: PutObject, https response error StatusCode: 403, RequestID: 185936EF10F434D5, HostID: dd9025bab4ad464b049177c95eb6ebf374d3b3fd1af9251148b658df7ac2e3e8, api error SignatureDoesNotMatch: The request signature we calculated does not match the signature you provided. Check your key and signing method.[0m
[1;32m[INFO] 2025-08-06 23:25:30 getEmByLang|key:code_for_internal_error.zh-cn[0m
[1;32m[INFO] 2025-08-06 23:25:30 HttpJsonResponse|status:{"RespCode":200,"I18nKey":"code_for_internal_error"}[0m
[1;32m[INFO] 2025-08-06 23:25:30 rsp ==>> [ 200 /media/upload/single/v1-1be819fb-6e30-4b2b-9184-dec251e74d91?boxId=default ][0m
[1;32m[INFO] 2025-08-06 23:26:48 server config:{"Group":"default","Port":"18080","S3":{"Bucket":"file-storage","Endpoint":"http://127.0.0.1:19000","AccessKey":"admin","SecretKey":"1433223","Region":"cn-north"},"Server":{"DBConfig":{"redis":{"host":"127.0.0.1","port":26379,"username":"","password":"1433223"},"mongo":{"host":"127.0.0.1","port":37017,"username":"admin","password":"1433223"},"mysql":null},"Jwt":{"Secret":"123456","Expire":3600},"ConsoleJwt":{"Secret":"console","Expire":3600}},"Admin":{"Username":"aaron","Password":"aaron519"}}[0m
[1;32m[INFO] 2025-08-06 23:27:18 server config:{"Group":"default","Port":"18080","S3":{"Bucket":"file-storage","Endpoint":"http://127.0.0.1:19000","AccessKey":"admin","SecretKey":"14332233","Region":"cn-north"},"Server":{"DBConfig":{"redis":{"host":"127.0.0.1","port":26379,"username":"","password":"1433223"},"mongo":{"host":"127.0.0.1","port":37017,"username":"admin","password":"1433223"},"mysql":null},"Jwt":{"Secret":"123456","Expire":3600},"ConsoleJwt":{"Secret":"console","Expire":3600}},"Admin":{"Username":"aaron","Password":"aaron519"}}[0m
[1;31m[ERROR] 2025-08-06 23:27:18 BoxServer|CreateBox|InsertOne|err: write exception: write errors: [E11000 duplicate key error collection: media_storage.boxes_db index: _id_ dup key: { _id: "default" }][0m
[1;31m[ERROR] 2025-08-06 23:27:18 DepotServer|CreateDepot|InsertOne|err: write exception: write errors: [E11000 duplicate key error collection: media_storage.depots_db index: _id_ dup key: { _id: "default" }][0m
[1;32m[INFO] 2025-08-06 23:27:18 methods=>[["POST","GET"]]	api=>[å¤„ç†websocketçš„handle]	path=>[/v1/ws]	desc=>[å¤„ç†websocketçš„handle][0m
[1;32m[INFO] 2025-08-06 23:27:18 methods=>[["GET"]]	api=>[ç¨‹åºå¥åº·æ£€æŸ¥]	path=>[/v1/checkalive]	desc=>[ç¨‹åºå¥åº·æ£€æŸ¥][0m
[1;32m[INFO] 2025-08-06 23:27:18 methods=>[["GET","POST"]]	api=>[cmdæŽ¥å£ï¼Œä½¿ç”¨ç»Ÿä¸€çš„ç»“æž„]	path=>[/v1/cmd]	desc=>[cmdæŽ¥å£ï¼Œä½¿ç”¨ç»Ÿä¸€çš„ç»“æž„][0m
[1;32m[INFO] 2025-08-06 23:27:18 methods=>[["POST"]]	api=>[ç™»å½•æŽ¥å£]	path=>[/login]	desc=>[ç™»å½•æŽ¥å£][0m
[1;32m[INFO] 2025-08-06 23:27:18 methods=>[["POST"]]	api=>[åˆ›å»º depot]	path=>[/media/deport/create]	desc=>[åˆ›å»º depot][0m
[1;32m[INFO] 2025-08-06 23:27:18 methods=>[["POST"]]	api=>[åˆ›å»º box]	path=>[/media/box/create]	desc=>[åˆ›å»º box][0m
[1;32m[INFO] 2025-08-06 23:27:18 methods=>[["POST","GET","HEAD"]]	api=>[æŸ¥çœ‹æ–‡ä»¶]	path=>[/media/file/:fid]	desc=>[æŸ¥çœ‹æ–‡ä»¶][0m
[1;32m[INFO] 2025-08-06 23:27:18 methods=>[["POST"]]	api=>[ç”³è¯·ä¸Šä¼ ]	path=>[/media/upload/apply]	desc=>[ç”³è¯·ä¸Šä¼ ][0m
[1;32m[INFO] 2025-08-06 23:27:18 methods=>[["POST"]]	api=>[å•æ–‡ä»¶ä¸Šä¼ ]	path=>[/media/upload/single/:fid]	desc=>[å•æ–‡ä»¶ä¸Šä¼ ][0m
[1;32m[INFO] 2025-08-06 23:27:18 
 __     __                 _                 
 \ \   / /   ___    _ __  | |_    ___  __  __
  \ \ / /   / _ \  | '__| | __|  / _ \ \ \/ /
   \ V /   | (_) | | |    | |_  |  __/  >  < 
    \_/     \___/  |_|     \__|  \___| /_/\_\
----------------------------------------------
 Vortex Server Start Success on 18080
==============================================
[0m
[1;32m[INFO] 2025-08-06 23:27:27 req ==>> [ POST /media/upload/single/v1-1be819fb-6e30-4b2b-9184-dec251e74d91?boxId=default ][0m
[1;32m[INFO] 2025-08-06 23:27:27 vortex|VerifyMw|VerifyJwt token: Bearer eyJhbGciOiJIUzI1NiIsInR5cCI6IkpXVCJ9.eyJleHBpcmVzIjoxNzU0NDA5OTUwLCJ1aWQiOiJhYXJvbiJ9.63e-SoAsLK9WkngTFnbQEJtMbROPg6ASw-NSaiOIxIU[0m
[1;32m[INFO] 2025-08-06 23:27:27 BoxServer|QueryBoxInfo|box|{"box_id":"default","box_name":"default","depot_id":"default"}[0m
[1;32m[INFO] 2025-08-06 23:27:27 getEmByLang|key:code_for_success.zh-cn[0m
[1;32m[INFO] 2025-08-06 23:27:27 HttpJsonResponse|status:{"RespCode":200,"I18nKey":"code_for_success"}[0m
[1;32m[INFO] 2025-08-06 23:27:27 rsp ==>> [ 200 /media/upload/single/v1-1be819fb-6e30-4b2b-9184-dec251e74d91?boxId=default ][0m
[1;32m[INFO] 2025-08-06 23:29:43 req ==>> [ GET /media/file/v1-1be819fb-6e30-4b2b-9184-dec251e74d91 ][0m
[1;31m[ERROR] 2025-08-06 23:29:43 FileIndexServer|QueryFileInfo|FindOne|err: mongo: no documents in result[0m
[1;31m[ERROR] 2025-08-06 23:29:43 HandleFile|QueryFileInfo|fid: v1-1be819fb-6e30-4b2b-9184-dec251e74d91|err: file not exist[0m
[1;32m[INFO] 2025-08-06 23:29:43 getEmByLang|key:code_for_file_not_exists.zh-cn,zh;q=0.9,en;q=0.8[0m
[1;32m[INFO] 2025-08-06 23:29:43 HttpJsonResponse|status:{"RespCode":200,"I18nKey":"code_for_file_not_exists"}[0m
[1;32m[INFO] 2025-08-06 23:29:43 rsp ==>> [ 200 /media/file/v1-1be819fb-6e30-4b2b-9184-dec251e74d91 ][0m
[1;32m[INFO] 2025-08-06 23:32:09 server config:{"Group":"default","Port":"18080","S3":{"Bucket":"file-storage","Endpoint":"http://127.0.0.1:19000","AccessKey":"admin","SecretKey":"14332233","Region":"cn-north"},"Server":{"DBConfig":{"redis":{"host":"127.0.0.1","port":26379,"username":"","password":"1433223"},"mongo":{"host":"127.0.0.1","port":37017,"username":"admin","password":"1433223"},"mysql":null},"Jwt":{"Secret":"123456","Expire":3600},"ConsoleJwt":{"Secret":"console","Expire":3600}},"Admin":{"Username":"aaron","Password":"aaron519"}}[0m
[1;31m[ERROR] 2025-08-06 23:32:09 BoxServer|CreateBox|InsertOne|err: write exception: write errors: [E11000 duplicate key error collection: media_storage.boxes_db index: _id_ dup key: { _id: "default" }][0m
[1;31m[ERROR] 2025-08-06 23:32:09 DepotServer|CreateDepot|InsertOne|err: write exception: write errors: [E11000 duplicate key error collection: media_storage.depots_db index: _id_ dup key: { _id: "default" }][0m
[1;32m[INFO] 2025-08-06 23:32:09 methods=>[["POST","GET"]]	api=>[å¤„ç†websocketçš„handle]	path=>[/v1/ws]	desc=>[å¤„ç†websocketçš„handle][0m
[1;32m[INFO] 2025-08-06 23:32:09 methods=>[["GET"]]	api=>[ç¨‹åºå¥åº·æ£€æŸ¥]	path=>[/v1/checkalive]	desc=>[ç¨‹åºå¥åº·æ£€æŸ¥][0m
[1;32m[INFO] 2025-08-06 23:32:09 methods=>[["GET","POST"]]	api=>[cmdæŽ¥å£ï¼Œä½¿ç”¨ç»Ÿä¸€çš„ç»“æž„]	path=>[/v1/cmd]	desc=>[cmdæŽ¥å£ï¼Œä½¿ç”¨ç»Ÿä¸€çš„ç»“æž„][0m
[1;32m[INFO] 2025-08-06 23:32:09 methods=>[["POST"]]	api=>[ç™»å½•æŽ¥å£]	path=>[/login]	desc=>[ç™»å½•æŽ¥å£][0m
[1;32m[INFO] 2025-08-06 23:32:09 methods=>[["POST"]]	api=>[åˆ›å»º depot]	path=>[/media/deport/create]	desc=>[åˆ›å»º depot][0m
[1;32m[INFO] 2025-08-06 23:32:09 methods=>[["POST"]]	api=>[åˆ›å»º box]	path=>[/media/box/create]	desc=>[åˆ›å»º box][0m
[1;32m[INFO] 2025-08-06 23:32:09 methods=>[["POST","GET","HEAD"]]	api=>[æŸ¥çœ‹æ–‡ä»¶]	path=>[/media/file/:fid]	desc=>[æŸ¥çœ‹æ–‡ä»¶][0m
[1;32m[INFO] 2025-08-06 23:32:09 methods=>[["POST"]]	api=>[ç”³è¯·ä¸Šä¼ ]	path=>[/media/upload/apply]	desc=>[ç”³è¯·ä¸Šä¼ ][0m
[1;32m[INFO] 2025-08-06 23:32:09 methods=>[["POST"]]	api=>[å•æ–‡ä»¶ä¸Šä¼ ]	path=>[/media/upload/single/:fid]	desc=>[å•æ–‡ä»¶ä¸Šä¼ ][0m
[1;32m[INFO] 2025-08-06 23:32:09 
 __     __                 _                 
 \ \   / /   ___    _ __  | |_    ___  __  __
  \ \ / /   / _ \  | '__| | __|  / _ \ \ \/ /
   \ V /   | (_) | | |    | |_  |  __/  >  < 
    \_/     \___/  |_|     \__|  \___| /_/\_\
----------------------------------------------
 Vortex Server Start Success on 18080
==============================================
[0m
[1;32m[INFO] 2025-08-06 23:32:18 req ==>> [ POST /media/upload/apply ][0m
[1;32m[INFO] 2025-08-06 23:32:18 vortex|VerifyMw|VerifyJwt token: Bearer eyJhbGciOiJIUzI1NiIsInR5cCI6IkpXVCJ9.eyJleHBpcmVzIjoxNzU0NDA5OTUwLCJ1aWQiOiJhYXJvbiJ9.63e-SoAsLK9WkngTFnbQEJtMbROPg6ASw-NSaiOIxIU[0m
[1;32m[INFO] 2025-08-06 23:32:18 BoxServer|QueryBoxInfo|box|{"box_id":"default","box_name":"default","depot_id":"default"}[0m
[1;32m[INFO] 2025-08-06 23:32:18 StorageCoreServer|ApplyUpload|CreatePrepareFileInfo|info: {"fid":"v1-138e12ff-a2b0-4752-b361-aec47a51b602","file_name":"å¤´åƒ01.jpg","content_md5":"30fd5ded6213e0b66d77f035ef301999","content_type":"image/jpeg","content_length":39432,"box_info":{"box_id":"default","box_name":"default","depot_id":"default"}}[0m
[1;32m[INFO] 2025-08-06 23:32:18 HandleApplyUpload|ApplyUpload|fid: v1-138e12ff-a2b0-4752-b361-aec47a51b602|fileInfo: {"fid":"v1-138e12ff-a2b0-4752-b361-aec47a51b602","file_name":"å¤´åƒ01.jpg","content_length":39432,"content_md5":"30fd5ded6213e0b66d77f035ef301999","content_type":"image/jpeg","uploader":"aaron","box_id":"default"}[0m
[1;32m[INFO] 2025-08-06 23:32:18 getEmByLang|key:code_for_success.zh-cn[0m
[1;32m[INFO] 2025-08-06 23:32:18 HttpJsonResponse|status:{"RespCode":200,"I18nKey":"code_for_success"}[0m
[1;32m[INFO] 2025-08-06 23:32:18 rsp ==>> [ 200 /media/upload/apply ][0m
[1;32m[INFO] 2025-08-06 23:32:38 req ==>> [ POST /media/upload/single/v1-138e12ff-a2b0-4752-b361-aec47a51b602?boxId=default ][0m
[1;32m[INFO] 2025-08-06 23:32:38 vortex|VerifyMw|VerifyJwt token: Bearer eyJhbGciOiJIUzI1NiIsInR5cCI6IkpXVCJ9.eyJleHBpcmVzIjoxNzU0NDA5OTUwLCJ1aWQiOiJhYXJvbiJ9.63e-SoAsLK9WkngTFnbQEJtMbROPg6ASw-NSaiOIxIU[0m
[1;32m[INFO] 2025-08-06 23:32:38 BoxServer|QueryBoxInfo|box|{"box_id":"default","box_name":"default","depot_id":"default"}[0m
[1;32m[INFO] 2025-08-06 23:32:38 getEmByLang|key:code_for_success.zh-cn[0m
[1;32m[INFO] 2025-08-06 23:32:38 HttpJsonResponse|status:{"RespCode":200,"I18nKey":"code_for_success"}[0m
[1;32m[INFO] 2025-08-06 23:32:38 rsp ==>> [ 200 /media/upload/single/v1-138e12ff-a2b0-4752-b361-aec47a51b602?boxId=default ][0m
[1;32m[INFO] 2025-08-06 23:32:49 req ==>> [ GET /media/file/v1-138e12ff-a2b0-4752-b361-aec47a51b602 ][0m
[1;31m[ERROR] 2025-08-06 23:32:49 FileIndexServer|QueryFileInfo|FindOne|err: mongo: no documents in result[0m
[1;31m[ERROR] 2025-08-06 23:32:49 HandleFile|QueryFileInfo|fid: v1-138e12ff-a2b0-4752-b361-aec47a51b602|err: file not exist[0m
[1;32m[INFO] 2025-08-06 23:32:49 getEmByLang|key:code_for_file_not_exists.zh-cn,zh;q=0.9,en;q=0.8[0m
[1;32m[INFO] 2025-08-06 23:32:49 HttpJsonResponse|status:{"RespCode":200,"I18nKey":"code_for_file_not_exists"}[0m
[1;32m[INFO] 2025-08-06 23:32:49 rsp ==>> [ 200 /media/file/v1-138e12ff-a2b0-4752-b361-aec47a51b602 ][0m
[1;32m[INFO] 2025-08-06 23:34:09 server config:{"Group":"default","Port":"18080","S3":{"Bucket":"file-storage","Endpoint":"http://127.0.0.1:19000","AccessKey":"admin","SecretKey":"14332233","Region":"cn-north"},"Server":{"DBConfig":{"redis":{"host":"127.0.0.1","port":26379,"username":"","password":"1433223"},"mongo":{"host":"127.0.0.1","port":37017,"username":"admin","password":"1433223"},"mysql":null},"Jwt":{"Secret":"123456","Expire":3600},"ConsoleJwt":{"Secret":"console","Expire":3600}},"Admin":{"Username":"aaron","Password":"aaron519"}}[0m
[1;31m[ERROR] 2025-08-06 23:34:09 BoxServer|CreateBox|InsertOne|err: write exception: write errors: [E11000 duplicate key error collection: media_storage.boxes_db index: _id_ dup key: { _id: "default" }][0m
[1;31m[ERROR] 2025-08-06 23:34:09 DepotServer|CreateDepot|InsertOne|err: write exception: write errors: [E11000 duplicate key error collection: media_storage.depots_db index: _id_ dup key: { _id: "default" }][0m
[1;32m[INFO] 2025-08-06 23:34:09 methods=>[["POST","GET"]]	api=>[å¤„ç†websocketçš„handle]	path=>[/v1/ws]	desc=>[å¤„ç†websocketçš„handle][0m
[1;32m[INFO] 2025-08-06 23:34:09 methods=>[["GET"]]	api=>[ç¨‹åºå¥åº·æ£€æŸ¥]	path=>[/v1/checkalive]	desc=>[ç¨‹åºå¥åº·æ£€æŸ¥][0m
[1;32m[INFO] 2025-08-06 23:34:09 methods=>[["GET","POST"]]	api=>[cmdæŽ¥å£ï¼Œä½¿ç”¨ç»Ÿä¸€çš„ç»“æž„]	path=>[/v1/cmd]	desc=>[cmdæŽ¥å£ï¼Œä½¿ç”¨ç»Ÿä¸€çš„ç»“æž„][0m
[1;32m[INFO] 2025-08-06 23:34:09 methods=>[["POST"]]	api=>[ç™»å½•æŽ¥å£]	path=>[/login]	desc=>[ç™»å½•æŽ¥å£][0m
[1;32m[INFO] 2025-08-06 23:34:09 methods=>[["POST"]]	api=>[åˆ›å»º depot]	path=>[/media/deport/create]	desc=>[åˆ›å»º depot][0m
[1;32m[INFO] 2025-08-06 23:34:09 methods=>[["POST"]]	api=>[åˆ›å»º box]	path=>[/media/box/create]	desc=>[åˆ›å»º box][0m
[1;32m[INFO] 2025-08-06 23:34:09 methods=>[["POST","GET","HEAD"]]	api=>[æŸ¥çœ‹æ–‡ä»¶]	path=>[/media/file/:fid]	desc=>[æŸ¥çœ‹æ–‡ä»¶][0m
[1;32m[INFO] 2025-08-06 23:34:09 methods=>[["POST"]]	api=>[ç”³è¯·ä¸Šä¼ ]	path=>[/media/upload/apply]	desc=>[ç”³è¯·ä¸Šä¼ ][0m
[1;32m[INFO] 2025-08-06 23:34:09 methods=>[["POST"]]	api=>[å•æ–‡ä»¶ä¸Šä¼ ]	path=>[/media/upload/single/:fid]	desc=>[å•æ–‡ä»¶ä¸Šä¼ ][0m
[1;32m[INFO] 2025-08-06 23:34:09 
 __     __                 _                 
 \ \   / /   ___    _ __  | |_    ___  __  __
  \ \ / /   / _ \  | '__| | __|  / _ \ \ \/ /
   \ V /   | (_) | | |    | |_  |  __/  >  < 
    \_/     \___/  |_|     \__|  \___| /_/\_\
----------------------------------------------
 Vortex Server Start Success on 18080
==============================================
[0m
[1;32m[INFO] 2025-08-06 23:34:16 req ==>> [ GET /media/file/v1-138e12ff-a2b0-4752-b361-aec47a51b602 ][0m
[1;31m[ERROR] 2025-08-06 23:34:16 FileIndexServer|QueryFileInfo|FindOne|fileId: v1-138e12ff-a2b0-4752-b361-aec47a51b602|err: mongo: no documents in result[0m
[1;31m[ERROR] 2025-08-06 23:34:16 HandleFile|QueryFileInfo|fid: v1-138e12ff-a2b0-4752-b361-aec47a51b602|err: file not exist[0m
[1;32m[INFO] 2025-08-06 23:34:16 getEmByLang|key:code_for_file_not_exists.zh-cn,zh;q=0.9,en;q=0.8[0m
[1;32m[INFO] 2025-08-06 23:34:16 HttpJsonResponse|status:{"RespCode":200,"I18nKey":"code_for_file_not_exists"}[0m
[1;32m[INFO] 2025-08-06 23:34:16 rsp ==>> [ 200 /media/file/v1-138e12ff-a2b0-4752-b361-aec47a51b602 ][0m
[1;32m[INFO] 2025-08-06 23:34:32 server config:{"Group":"default","Port":"18080","S3":{"Bucket":"file-storage","Endpoint":"http://127.0.0.1:19000","AccessKey":"admin","SecretKey":"14332233","Region":"cn-north"},"Server":{"DBConfig":{"redis":{"host":"127.0.0.1","port":26379,"username":"","password":"1433223"},"mongo":{"host":"127.0.0.1","port":37017,"username":"admin","password":"1433223"},"mysql":null},"Jwt":{"Secret":"123456","Expire":3600},"ConsoleJwt":{"Secret":"console","Expire":3600}},"Admin":{"Username":"aaron","Password":"aaron519"}}[0m
[1;31m[ERROR] 2025-08-06 23:34:32 BoxServer|CreateBox|InsertOne|err: write exception: write errors: [E11000 duplicate key error collection: media_storage.boxes_db index: _id_ dup key: { _id: "default" }][0m
[1;31m[ERROR] 2025-08-06 23:34:32 DepotServer|CreateDepot|InsertOne|err: write exception: write errors: [E11000 duplicate key error collection: media_storage.depots_db index: _id_ dup key: { _id: "default" }][0m
[1;32m[INFO] 2025-08-06 23:34:32 methods=>[["POST","GET"]]	api=>[å¤„ç†websocketçš„handle]	path=>[/v1/ws]	desc=>[å¤„ç†websocketçš„handle][0m
[1;32m[INFO] 2025-08-06 23:34:32 methods=>[["GET"]]	api=>[ç¨‹åºå¥åº·æ£€æŸ¥]	path=>[/v1/checkalive]	desc=>[ç¨‹åºå¥åº·æ£€æŸ¥][0m
[1;32m[INFO] 2025-08-06 23:34:32 methods=>[["GET","POST"]]	api=>[cmdæŽ¥å£ï¼Œä½¿ç”¨ç»Ÿä¸€çš„ç»“æž„]	path=>[/v1/cmd]	desc=>[cmdæŽ¥å£ï¼Œä½¿ç”¨ç»Ÿä¸€çš„ç»“æž„][0m
[1;32m[INFO] 2025-08-06 23:34:32 methods=>[["POST"]]	api=>[ç™»å½•æŽ¥å£]	path=>[/login]	desc=>[ç™»å½•æŽ¥å£][0m
[1;32m[INFO] 2025-08-06 23:34:32 methods=>[["POST"]]	api=>[åˆ›å»º depot]	path=>[/media/deport/create]	desc=>[åˆ›å»º depot][0m
[1;32m[INFO] 2025-08-06 23:34:32 methods=>[["POST"]]	api=>[åˆ›å»º box]	path=>[/media/box/create]	desc=>[åˆ›å»º box][0m
[1;32m[INFO] 2025-08-06 23:34:32 methods=>[["POST","GET","HEAD"]]	api=>[æŸ¥çœ‹æ–‡ä»¶]	path=>[/media/file/:fid]	desc=>[æŸ¥çœ‹æ–‡ä»¶][0m
[1;32m[INFO] 2025-08-06 23:34:32 methods=>[["POST"]]	api=>[ç”³è¯·ä¸Šä¼ ]	path=>[/media/upload/apply]	desc=>[ç”³è¯·ä¸Šä¼ ][0m
[1;32m[INFO] 2025-08-06 23:34:32 methods=>[["POST"]]	api=>[å•æ–‡ä»¶ä¸Šä¼ ]	path=>[/media/upload/single/:fid]	desc=>[å•æ–‡ä»¶ä¸Šä¼ ][0m
[1;32m[INFO] 2025-08-06 23:34:32 
 __     __                 _                 
 \ \   / /   ___    _ __  | |_    ___  __  __
  \ \ / /   / _ \  | '__| | __|  / _ \ \ \/ /
   \ V /   | (_) | | |    | |_  |  __/  >  < 
    \_/     \___/  |_|     \__|  \___| /_/\_\
----------------------------------------------
 Vortex Server Start Success on 18080
==============================================
[0m
[1;32m[INFO] 2025-08-06 23:34:34 req ==>> [ GET /media/file/v1-138e12ff-a2b0-4752-b361-aec47a51b602 ][0m
[1;32m[INFO] 2025-08-06 23:34:34 FileIndexServer|QueryFileInfo|info|{"fid":"v1-138e12ff-a2b0-4752-b361-aec47a51b602","file_name":"å¤´åƒ01.jpg","content_md5":"30fd5ded6213e0b66d77f035ef301999","content_type":"image/jpeg","content_length":39432,"created_ts":1754494358,"box_info":{"box_id":"default","box_name":"default","depot_id":"default"}}[0m
[1;32m[INFO] 2025-08-06 23:34:34 rsp ==>> [ 200 /media/file/v1-138e12ff-a2b0-4752-b361-aec47a51b602 ][0m
[1;32m[INFO] 2025-08-06 23:41:26 server config:{"Group":"default","Port":"18080","S3":{"Bucket":"file-storage","Endpoint":"http://127.0.0.1:19000","AccessKey":"admin","SecretKey":"14332233","Region":"cn-north"},"Server":{"DBConfig":{"redis":{"host":"127.0.0.1","port":26379,"username":"","password":"1433223"},"mongo":{"host":"127.0.0.1","port":37017,"username":"admin","password":"1433223"},"mysql":null},"Jwt":{"Secret":"123456","Expire":3600},"ConsoleJwt":{"Secret":"console","Expire":3600}},"Admin":{"Username":"aaron","Password":"aaron519"}}[0m
[1;31m[ERROR] 2025-08-06 23:41:26 BoxServer|CreateBox|InsertOne|err: write exception: write errors: [E11000 duplicate key error collection: media_storage.boxes_db index: _id_ dup key: { _id: "default" }][0m
[1;31m[ERROR] 2025-08-06 23:41:26 DepotServer|CreateDepot|InsertOne|err: write exception: write errors: [E11000 duplicate key error collection: media_storage.depots_db index: _id_ dup key: { _id: "default" }][0m
[1;32m[INFO] 2025-08-06 23:41:26 methods=>[["POST","GET"]]	api=>[å¤„ç†websocketçš„handle]	path=>[/v1/ws]	desc=>[å¤„ç†websocketçš„handle][0m
[1;32m[INFO] 2025-08-06 23:41:26 methods=>[["GET"]]	api=>[ç¨‹åºå¥åº·æ£€æŸ¥]	path=>[/v1/checkalive]	desc=>[ç¨‹åºå¥åº·æ£€æŸ¥][0m
[1;32m[INFO] 2025-08-06 23:41:26 methods=>[["GET","POST"]]	api=>[cmdæŽ¥å£ï¼Œä½¿ç”¨ç»Ÿä¸€çš„ç»“æž„]	path=>[/v1/cmd]	desc=>[cmdæŽ¥å£ï¼Œä½¿ç”¨ç»Ÿä¸€çš„ç»“æž„][0m
[1;32m[INFO] 2025-08-06 23:41:26 methods=>[["POST"]]	api=>[ç™»å½•æŽ¥å£]	path=>[/v1/login]	desc=>[ç™»å½•æŽ¥å£][0m
[1;32m[INFO] 2025-08-06 23:41:26 methods=>[["POST"]]	api=>[åˆ›å»º depot]	path=>[/v1/media/deport/create]	desc=>[åˆ›å»º depot][0m
[1;32m[INFO] 2025-08-06 23:41:26 methods=>[["POST"]]	api=>[åˆ›å»º box]	path=>[/v1/media/box/create]	desc=>[åˆ›å»º box][0m
[1;32m[INFO] 2025-08-06 23:41:26 methods=>[["POST","GET","HEAD"]]	api=>[æŸ¥çœ‹æ–‡ä»¶]	path=>[/v1/media/file/:fid]	desc=>[æŸ¥çœ‹æ–‡ä»¶][0m
[1;32m[INFO] 2025-08-06 23:41:26 methods=>[["GET"]]	api=>[æŸ¥çœ‹æ–‡ä»¶]	path=>[/v1/media/file/info/:fid]	desc=>[æŸ¥çœ‹æ–‡ä»¶][0m
[1;32m[INFO] 2025-08-06 23:41:26 methods=>[["POST"]]	api=>[ç”³è¯·ä¸Šä¼ ]	path=>[/v1/media/upload/apply]	desc=>[ç”³è¯·ä¸Šä¼ ][0m
[1;32m[INFO] 2025-08-06 23:41:26 methods=>[["POST"]]	api=>[å•æ–‡ä»¶ä¸Šä¼ ]	path=>[/v1/media/upload/single/:fid]	desc=>[å•æ–‡ä»¶ä¸Šä¼ ][0m
[1;32m[INFO] 2025-08-06 23:41:26 
 __     __                 _                 
 \ \   / /   ___    _ __  | |_    ___  __  __
  \ \ / /   / _ \  | '__| | __|  / _ \ \ \/ /
   \ V /   | (_) | | |    | |_  |  __/  >  < 
    \_/     \___/  |_|     \__|  \___| /_/\_\
----------------------------------------------
 Vortex Server Start Success on 18080
==============================================
[0m
[1;32m[INFO] 2025-08-06 23:42:28 server config:{"Group":"default","Port":"18080","S3":{"Bucket":"file-storage","Endpoint":"http://127.0.0.1:19000","AccessKey":"admin","SecretKey":"14332233","Region":"cn-north"},"Server":{"DBConfig":{"redis":{"host":"127.0.0.1","port":26379,"username":"","password":"1433223"},"mongo":{"host":"127.0.0.1","port":37017,"username":"admin","password":"1433223"},"mysql":null},"Jwt":{"Secret":"123456","Expire":3600},"ConsoleJwt":{"Secret":"console","Expire":3600}},"Admin":{"Username":"aaron","Password":"aaron519"}}[0m
[1;31m[ERROR] 2025-08-06 23:42:28 BoxServer|CreateBox|InsertOne|err: write exception: write errors: [E11000 duplicate key error collection: media_storage.boxes_db index: _id_ dup key: { _id: "default" }][0m
[1;31m[ERROR] 2025-08-06 23:42:28 DepotServer|CreateDepot|InsertOne|err: write exception: write errors: [E11000 duplicate key error collection: media_storage.depots_db index: _id_ dup key: { _id: "default" }][0m
[1;32m[INFO] 2025-08-06 23:42:28 methods=>[["POST","GET"]] 	 api=>[å¤„ç†websocketçš„handle] 	 path=>[/v1/ws] 	 desc=>[å¤„ç†websocketçš„handle][0m
[1;32m[INFO] 2025-08-06 23:42:28 methods=>[["GET"]] 	 api=>[ç¨‹åºå¥åº·æ£€æŸ¥] 	 path=>[/v1/checkalive] 	 desc=>[ç¨‹åºå¥åº·æ£€æŸ¥][0m
[1;32m[INFO] 2025-08-06 23:42:28 methods=>[["GET","POST"]] 	 api=>[cmdæŽ¥å£ï¼Œä½¿ç”¨ç»Ÿä¸€çš„ç»“æž„] 	 path=>[/v1/cmd] 	 desc=>[cmdæŽ¥å£ï¼Œä½¿ç”¨ç»Ÿä¸€çš„ç»“æž„][0m
[1;32m[INFO] 2025-08-06 23:42:28 methods=>[["POST"]] 	 api=>[ç™»å½•æŽ¥å£] 	 path=>[/v1/login] 	 desc=>[ç™»å½•æŽ¥å£][0m
[1;32m[INFO] 2025-08-06 23:42:28 methods=>[["POST"]] 	 api=>[åˆ›å»º depot] 	 path=>[/v1/media/deport/create] 	 desc=>[åˆ›å»º depot][0m
[1;32m[INFO] 2025-08-06 23:42:28 methods=>[["POST"]] 	 api=>[åˆ›å»º box] 	 path=>[/v1/media/box/create] 	 desc=>[åˆ›å»º box][0m
[1;32m[INFO] 2025-08-06 23:42:28 methods=>[["POST","GET","HEAD"]] 	 api=>[æŸ¥çœ‹æ–‡ä»¶] 	 path=>[/v1/media/file/:fid] 	 desc=>[æŸ¥çœ‹æ–‡ä»¶][0m
[1;32m[INFO] 2025-08-06 23:42:28 methods=>[["GET"]] 	 api=>[æŸ¥çœ‹æ–‡ä»¶] 	 path=>[/v1/media/file/info/:fid] 	 desc=>[æŸ¥çœ‹æ–‡ä»¶][0m
[1;32m[INFO] 2025-08-06 23:42:28 methods=>[["POST"]] 	 api=>[ç”³è¯·ä¸Šä¼ ] 	 path=>[/v1/media/upload/apply] 	 desc=>[ç”³è¯·ä¸Šä¼ ][0m
[1;32m[INFO] 2025-08-06 23:42:28 methods=>[["POST"]] 	 api=>[å•æ–‡ä»¶ä¸Šä¼ ] 	 path=>[/v1/media/upload/single/:fid] 	 desc=>[å•æ–‡ä»¶ä¸Šä¼ ][0m
[1;32m[INFO] 2025-08-06 23:42:28 
 __     __                 _                 
 \ \   / /   ___    _ __  | |_    ___  __  __
  \ \ / /   / _ \  | '__| | __|  / _ \ \ \/ /
   \ V /   | (_) | | |    | |_  |  __/  >  < 
    \_/     \___/  |_|     \__|  \___| /_/\_\
----------------------------------------------
 Vortex Server Start Success on 18080
==============================================
[0m
[1;32m[INFO] 2025-08-06 23:42:48 server config:{"Group":"default","Port":"18080","S3":{"Bucket":"file-storage","Endpoint":"http://127.0.0.1:19000","AccessKey":"admin","SecretKey":"14332233","Region":"cn-north"},"Server":{"DBConfig":{"redis":{"host":"127.0.0.1","port":26379,"username":"","password":"1433223"},"mongo":{"host":"127.0.0.1","port":37017,"username":"admin","password":"1433223"},"mysql":null},"Jwt":{"Secret":"123456","Expire":3600},"ConsoleJwt":{"Secret":"console","Expire":3600}},"Admin":{"Username":"aaron","Password":"aaron519"}}[0m
[1;31m[ERROR] 2025-08-06 23:42:48 BoxServer|CreateBox|InsertOne|err: write exception: write errors: [E11000 duplicate key error collection: media_storage.boxes_db index: _id_ dup key: { _id: "default" }][0m
[1;31m[ERROR] 2025-08-06 23:42:48 DepotServer|CreateDepot|InsertOne|err: write exception: write errors: [E11000 duplicate key error collection: media_storage.depots_db index: _id_ dup key: { _id: "default" }][0m
[1;32m[INFO] 2025-08-06 23:42:48 methods=>[["POST","GET"]] api=>[å¤„ç†websocketçš„handle] path=>[/v1/ws] desc=>[å¤„ç†websocketçš„handle][0m
[1;32m[INFO] 2025-08-06 23:42:48 methods=>[["GET"]] api=>[ç¨‹åºå¥åº·æ£€æŸ¥] path=>[/v1/checkalive] desc=>[ç¨‹åºå¥åº·æ£€æŸ¥][0m
[1;32m[INFO] 2025-08-06 23:42:48 methods=>[["GET","POST"]] api=>[cmdæŽ¥å£ï¼Œä½¿ç”¨ç»Ÿä¸€çš„ç»“æž„] path=>[/v1/cmd] desc=>[cmdæŽ¥å£ï¼Œä½¿ç”¨ç»Ÿä¸€çš„ç»“æž„][0m
[1;32m[INFO] 2025-08-06 23:42:48 methods=>[["POST"]] api=>[ç™»å½•æŽ¥å£] path=>[/v1/login] desc=>[ç™»å½•æŽ¥å£][0m
[1;32m[INFO] 2025-08-06 23:42:48 methods=>[["POST"]] api=>[åˆ›å»º depot] path=>[/v1/media/deport/create] desc=>[åˆ›å»º depot][0m
[1;32m[INFO] 2025-08-06 23:42:48 methods=>[["POST"]] api=>[åˆ›å»º box] path=>[/v1/media/box/create] desc=>[åˆ›å»º box][0m
[1;32m[INFO] 2025-08-06 23:42:48 methods=>[["POST","GET","HEAD"]] api=>[æŸ¥çœ‹æ–‡ä»¶] path=>[/v1/media/file/:fid] desc=>[æŸ¥çœ‹æ–‡ä»¶][0m
[1;32m[INFO] 2025-08-06 23:42:48 methods=>[["GET"]] api=>[æŸ¥çœ‹æ–‡ä»¶] path=>[/v1/media/file/info/:fid] desc=>[æŸ¥çœ‹æ–‡ä»¶][0m
[1;32m[INFO] 2025-08-06 23:42:48 methods=>[["POST"]] api=>[ç”³è¯·ä¸Šä¼ ] path=>[/v1/media/upload/apply] desc=>[ç”³è¯·ä¸Šä¼ ][0m
[1;32m[INFO] 2025-08-06 23:42:48 methods=>[["POST"]] api=>[å•æ–‡ä»¶ä¸Šä¼ ] path=>[/v1/media/upload/single/:fid] desc=>[å•æ–‡ä»¶ä¸Šä¼ ][0m
[1;32m[INFO] 2025-08-06 23:42:48 
 __     __                 _                 
 \ \   / /   ___    _ __  | |_    ___  __  __
  \ \ / /   / _ \  | '__| | __|  / _ \ \ \/ /
   \ V /   | (_) | | |    | |_  |  __/  >  < 
    \_/     \___/  |_|     \__|  \___| /_/\_\
----------------------------------------------
 Vortex Server Start Success on 18080
==============================================
[0m
[1;32m[INFO] 2025-08-06 23:43:10 server config:{"Group":"default","Port":"18080","S3":{"Bucket":"file-storage","Endpoint":"http://127.0.0.1:19000","AccessKey":"admin","SecretKey":"14332233","Region":"cn-north"},"Server":{"DBConfig":{"redis":{"host":"127.0.0.1","port":26379,"username":"","password":"1433223"},"mongo":{"host":"127.0.0.1","port":37017,"username":"admin","password":"1433223"},"mysql":null},"Jwt":{"Secret":"123456","Expire":3600},"ConsoleJwt":{"Secret":"console","Expire":3600}},"Admin":{"Username":"aaron","Password":"aaron519"}}[0m
[1;31m[ERROR] 2025-08-06 23:43:10 BoxServer|CreateBox|InsertOne|err: write exception: write errors: [E11000 duplicate key error collection: media_storage.boxes_db index: _id_ dup key: { _id: "default" }][0m
[1;31m[ERROR] 2025-08-06 23:43:10 DepotServer|CreateDepot|InsertOne|err: write exception: write errors: [E11000 duplicate key error collection: media_storage.depots_db index: _id_ dup key: { _id: "default" }][0m
[1;32m[INFO] 2025-08-06 23:43:10 methods=>[["POST","GET"]] | api=>[å¤„ç†websocketçš„handle] | path=>[/v1/ws] | desc=>[å¤„ç†websocketçš„handle][0m
[1;32m[INFO] 2025-08-06 23:43:10 methods=>[["GET"]] | api=>[ç¨‹åºå¥åº·æ£€æŸ¥] | path=>[/v1/checkalive] | desc=>[ç¨‹åºå¥åº·æ£€æŸ¥][0m
[1;32m[INFO] 2025-08-06 23:43:10 methods=>[["GET","POST"]] | api=>[cmdæŽ¥å£ï¼Œä½¿ç”¨ç»Ÿä¸€çš„ç»“æž„] | path=>[/v1/cmd] | desc=>[cmdæŽ¥å£ï¼Œä½¿ç”¨ç»Ÿä¸€çš„ç»“æž„][0m
[1;32m[INFO] 2025-08-06 23:43:10 methods=>[["POST"]] | api=>[ç™»å½•æŽ¥å£] | path=>[/v1/login] | desc=>[ç™»å½•æŽ¥å£][0m
[1;32m[INFO] 2025-08-06 23:43:10 methods=>[["POST"]] | api=>[åˆ›å»º depot] | path=>[/v1/media/deport/create] | desc=>[åˆ›å»º depot][0m
[1;32m[INFO] 2025-08-06 23:43:10 methods=>[["POST"]] | api=>[åˆ›å»º box] | path=>[/v1/media/box/create] | desc=>[åˆ›å»º box][0m
[1;32m[INFO] 2025-08-06 23:43:10 methods=>[["POST","GET","HEAD"]] | api=>[æŸ¥çœ‹æ–‡ä»¶] | path=>[/v1/media/file/:fid] | desc=>[æŸ¥çœ‹æ–‡ä»¶][0m
[1;32m[INFO] 2025-08-06 23:43:10 methods=>[["GET"]] | api=>[æŸ¥çœ‹æ–‡ä»¶] | path=>[/v1/media/file/info/:fid] | desc=>[æŸ¥çœ‹æ–‡ä»¶][0m
[1;32m[INFO] 2025-08-06 23:43:10 methods=>[["POST"]] | api=>[ç”³è¯·ä¸Šä¼ ] | path=>[/v1/media/upload/apply] | desc=>[ç”³è¯·ä¸Šä¼ ][0m
[1;32m[INFO] 2025-08-06 23:43:10 methods=>[["POST"]] | api=>[å•æ–‡ä»¶ä¸Šä¼ ] | path=>[/v1/media/upload/single/:fid] | desc=>[å•æ–‡ä»¶ä¸Šä¼ ][0m
[1;32m[INFO] 2025-08-06 23:43:10 
 __     __                 _                 
 \ \   / /   ___    _ __  | |_    ___  __  __
  \ \ / /   / _ \  | '__| | __|  / _ \ \ \/ /
   \ V /   | (_) | | |    | |_  |  __/  >  < 
    \_/     \___/  |_|     \__|  \___| /_/\_\
----------------------------------------------
 Vortex Server Start Success on 18080
==============================================
[0m
[1;32m[INFO] 2025-08-06 23:46:48 server config:{"Group":"default","Port":"18080","S3":{"Bucket":"file-storage","Endpoint":"http://127.0.0.1:19000","AccessKey":"admin","SecretKey":"14332233","Region":"cn-north"},"Server":{"DBConfig":{"redis":{"host":"127.0.0.1","port":26379,"username":"","password":"1433223"},"mongo":{"host":"127.0.0.1","port":37017,"username":"admin","password":"1433223"},"mysql":null},"Jwt":{"Secret":"123456","Expire":3600},"ConsoleJwt":{"Secret":"console","Expire":3600}},"Admin":{"Username":"aaron","Password":"aaron519"}}[0m
[1;31m[ERROR] 2025-08-06 23:46:48 BoxServer|CreateBox|InsertOne|err: write exception: write errors: [E11000 duplicate key error collection: media_storage.boxes_db index: _id_ dup key: { _id: "default" }][0m
[1;31m[ERROR] 2025-08-06 23:46:48 DepotServer|CreateDepot|InsertOne|err: write exception: write errors: [E11000 duplicate key error collection: media_storage.depots_db index: _id_ dup key: { _id: "default" }][0m
[1;32m[INFO] 2025-08-06 23:46:48 methods=>[["POST","GET"]] | api=>[å¤„ç†websocketçš„handle] | path=>[/v1/ws] | desc=>[å¤„ç†websocketçš„handle][0m
[1;32m[INFO] 2025-08-06 23:46:48 methods=>[["GET"]] | api=>[ç¨‹åºå¥åº·æ£€æŸ¥] | path=>[/v1/checkalive] | desc=>[ç¨‹åºå¥åº·æ£€æŸ¥][0m
[1;32m[INFO] 2025-08-06 23:46:48 methods=>[["GET","POST"]] | api=>[cmdæŽ¥å£ï¼Œä½¿ç”¨ç»Ÿä¸€çš„ç»“æž„] | path=>[/v1/cmd] | desc=>[cmdæŽ¥å£ï¼Œä½¿ç”¨ç»Ÿä¸€çš„ç»“æž„][0m
[1;32m[INFO] 2025-08-06 23:46:48 methods=>[["POST"]] | api=>[ç™»å½•æŽ¥å£] | path=>[/v1/login] | desc=>[ç™»å½•æŽ¥å£][0m
[1;32m[INFO] 2025-08-06 23:46:48 methods=>[["POST"]] | api=>[åˆ›å»º depot] | path=>[/v1/media/deport/create] | desc=>[åˆ›å»º depot][0m
[1;32m[INFO] 2025-08-06 23:46:48 methods=>[["POST"]] | api=>[åˆ›å»º box] | path=>[/v1/media/box/create] | desc=>[åˆ›å»º box][0m
[1;32m[INFO] 2025-08-06 23:46:48 methods=>[["POST","GET","HEAD"]] | api=>[æŸ¥çœ‹æ–‡ä»¶] | path=>[/v1/media/file/:fid] | desc=>[æŸ¥çœ‹æ–‡ä»¶][0m
[1;32m[INFO] 2025-08-06 23:46:48 methods=>[["GET"]] | api=>[æŸ¥çœ‹æ–‡ä»¶] | path=>[/v1/media/file/info/:fid] | desc=>[æŸ¥çœ‹æ–‡ä»¶][0m
[1;32m[INFO] 2025-08-06 23:46:48 methods=>[["POST"]] | api=>[ç”³è¯·ä¸Šä¼ ] | path=>[/v1/media/upload/apply] | desc=>[ç”³è¯·ä¸Šä¼ ][0m
[1;32m[INFO] 2025-08-06 23:46:48 methods=>[["POST"]] | api=>[å•æ–‡ä»¶ä¸Šä¼ ] | path=>[/v1/media/upload/single/:fid] | desc=>[å•æ–‡ä»¶ä¸Šä¼ ][0m
[1;32m[INFO] 2025-08-06 23:46:48 
 __     __                 _                 
 \ \   / /   ___    _ __  | |_    ___  __  __
  \ \ / /   / _ \  | '__| | __|  / _ \ \ \/ /
   \ V /   | (_) | | |    | |_  |  __/  >  < 
    \_/     \___/  |_|     \__|  \___| /_/\_\
----------------------------------------------
 Vortex Server Start Success on 18080
==============================================
[0m
[1;32m[INFO] 2025-08-06 23:48:22 req ==>> [ GET /v1/media/file/info/v1-138e12ff-a2b0-4752-b361-aec47a51b602 ][0m
[1;32m[INFO] 2025-08-06 23:48:22 vortex|VerifyMw|VerifyJwt token: Bearer eyJhbGciOiJIUzI1NiIsInR5cCI6IkpXVCJ9.eyJleHBpcmVzIjoxNzU0NDA5OTUwLCJ1aWQiOiJhYXJvbiJ9.63e-SoAsLK9WkngTFnbQEJtMbROPg6ASw-NSaiOIxIU[0m
[1;32m[INFO] 2025-08-06 23:48:22 FileIndexServer|QueryFileInfo|info|{"fid":"v1-138e12ff-a2b0-4752-b361-aec47a51b602","file_name":"å¤´åƒ01.jpg","content_md5":"30fd5ded6213e0b66d77f035ef301999","content_type":"image/jpeg","content_length":39432,"created_ts":1754494358,"box_info":{"box_id":"default","box_name":"default","depot_id":"default"}}[0m
[1;32m[INFO] 2025-08-06 23:48:22 HandleFileInfo|QueryFileInfo|fid: v1-138e12ff-a2b0-4752-b361-aec47a51b602|info: {"fid":"v1-138e12ff-a2b0-4752-b361-aec47a51b602","file_name":"å¤´åƒ01.jpg","content_md5":"30fd5ded6213e0b66d77f035ef301999","content_type":"image/jpeg","content_length":39432,"created_ts":1754494358,"box_info":{"box_id":"default","box_name":"default","depot_id":"default"}}[0m
[1;32m[INFO] 2025-08-06 23:48:22 getEmByLang|key:code_for_success.zh-cn[0m
[1;32m[INFO] 2025-08-06 23:48:22 rsp ==>> [ 200 /v1/media/file/info/v1-138e12ff-a2b0-4752-b361-aec47a51b602 ][0m
[1;32m[INFO] 2025-08-07 00:06:59 server config:{"Group":"default","Port":"18080","S3":{"Bucket":"file-storage","Endpoint":"http://127.0.0.1:19000","AccessKey":"admin","SecretKey":"14332233","Region":"cn-north"},"Server":{"DBConfig":{"redis":{"host":"127.0.0.1","port":26379,"username":"","password":"1433223"},"mongo":{"host":"127.0.0.1","port":37017,"username":"admin","password":"1433223"},"mysql":null},"Jwt":{"Secret":"123456","Expire":3600},"ConsoleJwt":{"Secret":"console","Expire":3600}},"Admin":{"Username":"aaron","Password":"aaron519"}}[0m
[1;31m[ERROR] 2025-08-07 00:06:59 BoxServer|CreateBox|InsertOne|err: write exception: write errors: [E11000 duplicate key error collection: media_storage.boxes_db index: _id_ dup key: { _id: "default" }][0m
[1;31m[ERROR] 2025-08-07 00:06:59 DepotServer|CreateDepot|InsertOne|err: write exception: write errors: [E11000 duplicate key error collection: media_storage.depots_db index: _id_ dup key: { _id: "default" }][0m
[1;32m[INFO] 2025-08-07 00:06:59 methods=>[["POST","GET"]] | api=>[å¤„ç†websocketçš„handle] | path=>[/v1/ws] | desc=>[å¤„ç†websocketçš„handle][0m
[1;32m[INFO] 2025-08-07 00:06:59 methods=>[["GET"]] | api=>[ç¨‹åºå¥åº·æ£€æŸ¥] | path=>[/v1/checkalive] | desc=>[ç¨‹åºå¥åº·æ£€æŸ¥][0m
[1;32m[INFO] 2025-08-07 00:06:59 methods=>[["GET","POST"]] | api=>[cmdæŽ¥å£ï¼Œä½¿ç”¨ç»Ÿä¸€çš„ç»“æž„] | path=>[/v1/cmd] | desc=>[cmdæŽ¥å£ï¼Œä½¿ç”¨ç»Ÿä¸€çš„ç»“æž„][0m
[1;32m[INFO] 2025-08-07 00:06:59 methods=>[["POST"]] | api=>[ç™»å½•æŽ¥å£] | path=>[/v1/login] | desc=>[ç™»å½•æŽ¥å£][0m
[1;32m[INFO] 2025-08-07 00:06:59 methods=>[["POST"]] | api=>[åˆ›å»º depot] | path=>[/v1/media/deport/create] | desc=>[åˆ›å»º depot][0m
[1;32m[INFO] 2025-08-07 00:06:59 methods=>[["POST"]] | api=>[åˆ›å»º box] | path=>[/v1/media/box/create] | desc=>[åˆ›å»º box][0m
[1;32m[INFO] 2025-08-07 00:06:59 methods=>[["POST","GET","HEAD"]] | api=>[æŸ¥çœ‹æ–‡ä»¶] | path=>[/v1/media/file/:fid] | desc=>[æŸ¥çœ‹æ–‡ä»¶][0m
[1;32m[INFO] 2025-08-07 00:06:59 methods=>[["GET"]] | api=>[æŸ¥çœ‹æ–‡ä»¶] | path=>[/v1/media/file/info/:fid] | desc=>[æŸ¥çœ‹æ–‡ä»¶][0m
[1;32m[INFO] 2025-08-07 00:06:59 methods=>[["POST"]] | api=>[ç”³è¯·ä¸Šä¼ ] | path=>[/v1/media/upload/apply] | desc=>[ç”³è¯·ä¸Šä¼ ][0m
[1;32m[INFO] 2025-08-07 00:06:59 methods=>[["POST"]] | api=>[å•æ–‡ä»¶ä¸Šä¼ ] | path=>[/v1/media/upload/single/:fid] | desc=>[å•æ–‡ä»¶ä¸Šä¼ ][0m
[1;32m[INFO] 2025-08-07 00:06:59 
 __     __                 _                 
 \ \   / /   ___    _ __  | |_    ___  __  __
  \ \ / /   / _ \  | '__| | __|  / _ \ \ \/ /
   \ V /   | (_) | | |    | |_  |  __/  >  < 
    \_/     \___/  |_|     \__|  \___| /_/\_\
----------------------------------------------
 Vortex Server Start Success on 18080
==============================================
[0m
[1;32m[INFO] 2025-08-17 15:25:53 server config:{"Group":"default","Port":"18080","S3":{"Bucket":"file-storage","Endpoint":"http://127.0.0.1:19000","AccessKey":"admin","SecretKey":"14332233","Region":"cn-north"},"Server":{"DBConfig":{"redis":{"host":"127.0.0.1","port":26379,"username":"","password":"1433223"},"mongo":{"host":"127.0.0.1","port":37017,"username":"admin","password":"1433223"},"mysql":null},"Jwt":{"Secret":"123456","Expire":3600},"ConsoleJwt":{"Secret":"console","Expire":3600}},"Admin":{"Username":"aaron","Password":"aaron519"}}[0m
[1;32m[INFO] 2025-08-17 15:26:15 server config:{"Group":"default","Port":"18080","S3":{"Bucket":"file-storage","Endpoint":"http://127.0.0.1:19000","AccessKey":"admin","SecretKey":"14332233","Region":"cn-north"},"Server":{"DBConfig":{"redis":{"host":"127.0.0.1","port":26379,"username":"","password":"1433223"},"mongo":{"host":"127.0.0.1","port":37017,"username":"admin","password":"1433223"},"mysql":null},"Jwt":{"Secret":"123456","Expire":3600},"ConsoleJwt":{"Secret":"console","Expire":3600}},"Admin":{"Username":"aaron","Password":"aaron519"}}[0m
[1;31m[ERROR] 2025-08-17 15:26:15 BoxServer|CreateBox|InsertOne|err: write exception: write errors: [E11000 duplicate key error collection: media_storage.boxes_db index: _id_ dup key: { _id: "default" }][0m
[1;31m[ERROR] 2025-08-17 15:26:15 DepotServer|CreateDepot|InsertOne|err: write exception: write errors: [E11000 duplicate key error collection: media_storage.depots_db index: _id_ dup key: { _id: "default" }][0m
[1;32m[INFO] 2025-08-17 15:26:15 methods=>[["POST","GET"]] | api=>[å¤„ç†websocketçš„handle] | path=>[/v1/ws] | desc=>[å¤„ç†websocketçš„handle][0m
[1;32m[INFO] 2025-08-17 15:26:15 methods=>[["GET"]] | api=>[ç¨‹åºå¥åº·æ£€æŸ¥] | path=>[/v1/checkalive] | desc=>[ç¨‹åºå¥åº·æ£€æŸ¥][0m
[1;32m[INFO] 2025-08-17 15:26:15 methods=>[["GET","POST"]] | api=>[cmdæŽ¥å£ï¼Œä½¿ç”¨ç»Ÿä¸€çš„ç»“æž„] | path=>[/v1/cmd] | desc=>[cmdæŽ¥å£ï¼Œä½¿ç”¨ç»Ÿä¸€çš„ç»“æž„][0m
[1;32m[INFO] 2025-08-17 15:26:15 methods=>[["POST"]] | api=>[ç™»å½•æŽ¥å£] | path=>[/v1/login] | desc=>[ç™»å½•æŽ¥å£][0m
[1;32m[INFO] 2025-08-17 15:26:15 methods=>[["POST"]] | api=>[åˆ›å»º depot] | path=>[/v1/media/deport/create] | desc=>[åˆ›å»º depot][0m
[1;32m[INFO] 2025-08-17 15:26:15 methods=>[["POST"]] | api=>[åˆ›å»º box] | path=>[/v1/media/box/create] | desc=>[åˆ›å»º box][0m
[1;32m[INFO] 2025-08-17 15:26:15 methods=>[["POST","GET","HEAD"]] | api=>[æŸ¥çœ‹æ–‡ä»¶] | path=>[/v1/media/file/:fid] | desc=>[æŸ¥çœ‹æ–‡ä»¶][0m
[1;32m[INFO] 2025-08-17 15:26:15 methods=>[["GET"]] | api=>[æŸ¥çœ‹æ–‡ä»¶] | path=>[/v1/media/file/info/:fid] | desc=>[æŸ¥çœ‹æ–‡ä»¶][0m
[1;32m[INFO] 2025-08-17 15:26:15 methods=>[["POST"]] | api=>[ç”³è¯·ä¸Šä¼ ] | path=>[/v1/media/upload/apply] | desc=>[ç”³è¯·ä¸Šä¼ ][0m
[1;32m[INFO] 2025-08-17 15:26:15 methods=>[["POST"]] | api=>[å•æ–‡ä»¶ä¸Šä¼ ] | path=>[/v1/media/upload/single/:fid] | desc=>[å•æ–‡ä»¶ä¸Šä¼ ][0m
[1;32m[INFO] 2025-08-17 15:26:15 
 __     __                 _                 
 \ \   / /   ___    _ __  | |_    ___  __  __
  \ \ / /   / _ \  | '__| | __|  / _ \ \ \/ /
   \ V /   | (_) | | |    | |_  |  __/  >  < 
    \_/     \___/  |_|     \__|  \___| /_/\_\
----------------------------------------------
 Vortex Server Start Success on 18080
==============================================
[0m
[1;32m[INFO] 2025-08-17 15:32:34 req ==>> [ POST /v1/media/upload/apply ][0m
[1;32m[INFO] 2025-08-17 15:32:34 getEmByLang|key:code_for_permission_deny.zh-cn[0m
[1;32m[INFO] 2025-08-17 15:32:34 rsp ==>> [ 200 /v1/media/upload/apply ][0m
[1;32m[INFO] 2025-08-17 15:34:38 server config:{"Group":"default","Port":"18080","S3":{"Bucket":"file-storage","Endpoint":"http://127.0.0.1:19000","AccessKey":"admin","SecretKey":"14332233","Region":"cn-north"},"Server":{"DBConfig":{"redis":{"host":"127.0.0.1","port":26379,"username":"","password":"1433223"},"mongo":{"host":"127.0.0.1","port":37017,"username":"admin","password":"1433223"},"mysql":null},"Jwt":{"Secret":"123456","Expire":3600},"ConsoleJwt":{"Secret":"console","Expire":3600}},"Admin":{"Username":"aaron","Password":"aaron519"}}[0m
[1;31m[ERROR] 2025-08-17 15:34:38 BoxServer|CreateBox|InsertOne|err: write exception: write errors: [E11000 duplicate key error collection: media_storage.boxes_db index: _id_ dup key: { _id: "default" }][0m
[1;31m[ERROR] 2025-08-17 15:34:38 DepotServer|CreateDepot|InsertOne|err: write exception: write errors: [E11000 duplicate key error collection: media_storage.depots_db index: _id_ dup key: { _id: "default" }][0m
[1;32m[INFO] 2025-08-17 15:34:38 methods=>[["POST","GET"]] | api=>[å¤„ç†websocketçš„handle] | path=>[/v1/ws] | desc=>[å¤„ç†websocketçš„handle][0m
[1;32m[INFO] 2025-08-17 15:34:38 methods=>[["GET"]] | api=>[ç¨‹åºå¥åº·æ£€æŸ¥] | path=>[/v1/checkalive] | desc=>[ç¨‹åºå¥åº·æ£€æŸ¥][0m
[1;32m[INFO] 2025-08-17 15:34:38 methods=>[["GET","POST"]] | api=>[cmdæŽ¥å£ï¼Œä½¿ç”¨ç»Ÿä¸€çš„ç»“æž„] | path=>[/v1/cmd] | desc=>[cmdæŽ¥å£ï¼Œä½¿ç”¨ç»Ÿä¸€çš„ç»“æž„][0m
[1;32m[INFO] 2025-08-17 15:34:38 methods=>[["POST"]] | api=>[ç™»å½•æŽ¥å£] | path=>[/v1/login] | desc=>[ç™»å½•æŽ¥å£][0m
[1;32m[INFO] 2025-08-17 15:34:38 methods=>[["POST"]] | api=>[åˆ›å»º depot] | path=>[/v1/media/deport/create] | desc=>[åˆ›å»º depot][0m
[1;32m[INFO] 2025-08-17 15:34:38 methods=>[["POST"]] | api=>[åˆ›å»º box] | path=>[/v1/media/box/create] | desc=>[åˆ›å»º box][0m
[1;32m[INFO] 2025-08-17 15:34:38 methods=>[["POST","GET","HEAD"]] | api=>[æŸ¥çœ‹æ–‡ä»¶] | path=>[/v1/media/file/:fid] | desc=>[æŸ¥çœ‹æ–‡ä»¶][0m
[1;32m[INFO] 2025-08-17 15:34:38 methods=>[["GET"]] | api=>[æŸ¥çœ‹æ–‡ä»¶] | path=>[/v1/media/file/info/:fid] | desc=>[æŸ¥çœ‹æ–‡ä»¶][0m
[1;32m[INFO] 2025-08-17 15:34:38 methods=>[["POST"]] | api=>[ç”³è¯·ä¸Šä¼ ] | path=>[/v1/media/upload/apply] | desc=>[ç”³è¯·ä¸Šä¼ ][0m
[1;32m[INFO] 2025-08-17 15:34:38 methods=>[["POST"]] | api=>[å•æ–‡ä»¶ä¸Šä¼ ] | path=>[/v1/media/upload/single/:fid] | desc=>[å•æ–‡ä»¶ä¸Šä¼ ][0m
[1;32m[INFO] 2025-08-17 15:34:38 
 __     __                 _                 
 \ \   / /   ___    _ __  | |_    ___  __  __
  \ \ / /   / _ \  | '__| | __|  / _ \ \ \/ /
   \ V /   | (_) | | |    | |_  |  __/  >  < 
    \_/     \___/  |_|     \__|  \___| /_/\_\
----------------------------------------------
 Vortex Server Start Success on 18080
==============================================
[0m
[1;32m[INFO] 2025-08-17 15:34:47 req ==>> [ POST /v1/media/upload/apply ][0m
[1;32m[INFO] 2025-08-17 15:34:47 getEmByLang|key:code_for_permission_deny.zh-cn[0m
[1;32m[INFO] 2025-08-17 15:34:47 rsp ==>> [ 200 /v1/media/upload/apply ][0m
[1;32m[INFO] 2025-08-17 15:37:04 server config:{"Group":"default","Port":"18080","S3":{"Bucket":"file-storage","Endpoint":"http://127.0.0.1:19000","AccessKey":"admin","SecretKey":"14332233","Region":"cn-north"},"Server":{"DBConfig":{"redis":{"host":"127.0.0.1","port":26379,"username":"","password":"1433223"},"mongo":{"host":"127.0.0.1","port":37017,"username":"admin","password":"1433223"},"mysql":null},"Jwt":{"Secret":"123456","Expire":3600},"ConsoleJwt":{"Secret":"console","Expire":3600}},"Admin":{"Username":"aaron","Password":"aaron519"}}[0m
[1;31m[ERROR] 2025-08-17 15:37:04 BoxServer|CreateBox|InsertOne|err: write exception: write errors: [E11000 duplicate key error collection: media_storage.boxes_db index: _id_ dup key: { _id: "default" }][0m
[1;31m[ERROR] 2025-08-17 15:37:04 DepotServer|CreateDepot|InsertOne|err: write exception: write errors: [E11000 duplicate key error collection: media_storage.depots_db index: _id_ dup key: { _id: "default" }][0m
[1;32m[INFO] 2025-08-17 15:37:04 methods=>[["POST","GET"]] | api=>[å¤„ç†websocketçš„handle] | path=>[/v1/ws] | desc=>[å¤„ç†websocketçš„handle][0m
[1;32m[INFO] 2025-08-17 15:37:04 methods=>[["GET"]] | api=>[ç¨‹åºå¥åº·æ£€æŸ¥] | path=>[/v1/checkalive] | desc=>[ç¨‹åºå¥åº·æ£€æŸ¥][0m
[1;32m[INFO] 2025-08-17 15:37:04 methods=>[["GET","POST"]] | api=>[cmdæŽ¥å£ï¼Œä½¿ç”¨ç»Ÿä¸€çš„ç»“æž„] | path=>[/v1/cmd] | desc=>[cmdæŽ¥å£ï¼Œä½¿ç”¨ç»Ÿä¸€çš„ç»“æž„][0m
[1;32m[INFO] 2025-08-17 15:37:04 methods=>[["POST"]] | api=>[ç™»å½•æŽ¥å£] | path=>[/v1/login] | desc=>[ç™»å½•æŽ¥å£][0m
[1;32m[INFO] 2025-08-17 15:37:04 methods=>[["POST"]] | api=>[åˆ›å»º depot] | path=>[/v1/media/deport/create] | desc=>[åˆ›å»º depot][0m
[1;32m[INFO] 2025-08-17 15:37:04 methods=>[["POST"]] | api=>[åˆ›å»º box] | path=>[/v1/media/box/create] | desc=>[åˆ›å»º box][0m
[1;32m[INFO] 2025-08-17 15:37:04 methods=>[["POST","GET","HEAD"]] | api=>[æŸ¥çœ‹æ–‡ä»¶] | path=>[/v1/media/file/:fid] | desc=>[æŸ¥çœ‹æ–‡ä»¶][0m
[1;32m[INFO] 2025-08-17 15:37:04 methods=>[["GET"]] | api=>[æŸ¥çœ‹æ–‡ä»¶] | path=>[/v1/media/file/info/:fid] | desc=>[æŸ¥çœ‹æ–‡ä»¶][0m
[1;32m[INFO] 2025-08-17 15:37:04 methods=>[["POST"]] | api=>[ç”³è¯·ä¸Šä¼ ] | path=>[/v1/media/upload/apply] | desc=>[ç”³è¯·ä¸Šä¼ ][0m
[1;32m[INFO] 2025-08-17 15:37:04 methods=>[["POST"]] | api=>[å•æ–‡ä»¶ä¸Šä¼ ] | path=>[/v1/media/upload/single/:fid] | desc=>[å•æ–‡ä»¶ä¸Šä¼ ][0m
[1;32m[INFO] 2025-08-17 15:37:04 
 __     __                 _                 
 \ \   / /   ___    _ __  | |_    ___  __  __
  \ \ / /   / _ \  | '__| | __|  / _ \ \ \/ /
   \ V /   | (_) | | |    | |_  |  __/  >  < 
    \_/     \___/  |_|     \__|  \___| /_/\_\
----------------------------------------------
 Vortex Server Start Success on 18080
==============================================
[0m
[1;32m[INFO] 2025-08-17 15:39:51 req ==>> [ POST /v1/media/upload/apply ][0m
[1;32m[INFO] 2025-08-17 15:39:51 vortex|VerifyMw|VerifyJwt token: Bearer eyJhbGciOiJIUzI1NiIsInR5cCI6IkpXVCJ9.eyJleHBpcmVzIjoxNzU0NDA5OTUwLCJ1aWQiOiJhYXJvbiJ9.63e-SoAsLK9WkngTFnbQEJtMbROPg6ASw-NSaiOIxIU[0m
[1;32m[INFO] 2025-08-17 15:39:51 BoxServer|QueryBoxInfo|box|{"box_id":"default","box_name":"default","depot_id":"default"}[0m
[1;32m[INFO] 2025-08-17 15:39:51 StorageCoreServer|ApplyUpload|CreatePrepareFileInfo|info: {"fid":"v1-6154eb08-5cb1-4929-8506-7b075fc874a9","file_name":"image_picker_F8030888-437A-4C4B-B76E-84AAC2D6697A-3991-0000025214E8E160.jpg","content_md5":"2df8504757b3c5aaad8b6115e771f9aa","content_type":"image/jpeg","content_length":2527949,"box_info":{"box_id":"default","box_name":"default","depot_id":"default"}}[0m
[1;32m[INFO] 2025-08-17 15:39:51 HandleApplyUpload|ApplyUpload|fid: v1-6154eb08-5cb1-4929-8506-7b075fc874a9|fileInfo: {"fid":"v1-6154eb08-5cb1-4929-8506-7b075fc874a9","file_name":"image_picker_F8030888-437A-4C4B-B76E-84AAC2D6697A-3991-0000025214E8E160.jpg","content_length":2527949,"content_md5":"2df8504757b3c5aaad8b6115e771f9aa","content_type":"image/jpeg","uploader":"aaron","box_id":"default"}[0m
[1;32m[INFO] 2025-08-17 15:39:51 getEmByLang|key:code_for_success.zh-cn[0m
[1;32m[INFO] 2025-08-17 15:39:51 rsp ==>> [ 200 /v1/media/upload/apply ][0m
[1;32m[INFO] 2025-08-17 15:40:40 req ==>> [ POST /v1/media/upload/apply ][0m
[1;32m[INFO] 2025-08-17 15:40:40 vortex|VerifyMw|VerifyJwt token: Bearer eyJhbGciOiJIUzI1NiIsInR5cCI6IkpXVCJ9.eyJleHBpcmVzIjoxNzU0NDA5OTUwLCJ1aWQiOiJhYXJvbiJ9.63e-SoAsLK9WkngTFnbQEJtMbROPg6ASw-NSaiOIxIU[0m
[1;32m[INFO] 2025-08-17 15:40:40 BoxServer|QueryBoxInfo|box|{"box_id":"default","box_name":"default","depot_id":"default"}[0m
[1;32m[INFO] 2025-08-17 15:40:40 StorageCoreServer|ApplyUpload|CreatePrepareFileInfo|info: {"fid":"v1-e2c9a502-78ad-4c18-98f5-ae9665057610","file_name":"image_picker_F8030888-437A-4C4B-B76E-84AAC2D6697A-3991-0000025214E8E160.jpg","content_md5":"2df8504757b3c5aaad8b6115e771f9aa","content_type":"image/jpeg","content_length":2527949,"box_info":{"box_id":"default","box_name":"default","depot_id":"default"}}[0m
[1;32m[INFO] 2025-08-17 15:40:40 HandleApplyUpload|ApplyUpload|fid: v1-e2c9a502-78ad-4c18-98f5-ae9665057610|fileInfo: {"fid":"v1-e2c9a502-78ad-4c18-98f5-ae9665057610","file_name":"image_picker_F8030888-437A-4C4B-B76E-84AAC2D6697A-3991-0000025214E8E160.jpg","content_length":2527949,"content_md5":"2df8504757b3c5aaad8b6115e771f9aa","content_type":"image/jpeg","uploader":"aaron","box_id":"default"}[0m
[1;32m[INFO] 2025-08-17 15:40:40 getEmByLang|key:code_for_success.zh-cn[0m
[1;32m[INFO] 2025-08-17 15:40:40 rsp ==>> [ 200 /v1/media/upload/apply ][0m
[1;32m[INFO] 2025-08-17 15:41:20 req ==>> [ POST /v1/media/upload/apply ][0m
[1;32m[INFO] 2025-08-17 15:41:20 vortex|VerifyMw|VerifyJwt token: Bearer eyJhbGciOiJIUzI1NiIsInR5cCI6IkpXVCJ9.eyJleHBpcmVzIjoxNzU0NDA5OTUwLCJ1aWQiOiJhYXJvbiJ9.63e-SoAsLK9WkngTFnbQEJtMbROPg6ASw-NSaiOIxIU[0m
[1;32m[INFO] 2025-08-17 15:41:20 BoxServer|QueryBoxInfo|box|{"box_id":"default","box_name":"default","depot_id":"default"}[0m
[1;32m[INFO] 2025-08-17 15:41:20 StorageCoreServer|ApplyUpload|CreatePrepareFileInfo|info: {"fid":"v1-94b75c5e-4288-4307-9c69-8f508ebbea67","file_name":"image_picker_F8030888-437A-4C4B-B76E-84AAC2D6697A-3991-0000025214E8E160.jpg","content_md5":"2df8504757b3c5aaad8b6115e771f9aa","content_type":"image/jpeg","content_length":2527949,"box_info":{"box_id":"default","box_name":"default","depot_id":"default"}}[0m
[1;32m[INFO] 2025-08-17 15:41:20 HandleApplyUpload|ApplyUpload|fid: v1-94b75c5e-4288-4307-9c69-8f508ebbea67|fileInfo: {"fid":"v1-94b75c5e-4288-4307-9c69-8f508ebbea67","file_name":"image_picker_F8030888-437A-4C4B-B76E-84AAC2D6697A-3991-0000025214E8E160.jpg","content_length":2527949,"content_md5":"2df8504757b3c5aaad8b6115e771f9aa","content_type":"image/jpeg","uploader":"aaron","box_id":"default"}[0m
[1;32m[INFO] 2025-08-17 15:41:20 getEmByLang|key:code_for_success.zh-cn[0m
[1;32m[INFO] 2025-08-17 15:41:20 rsp ==>> [ 200 /v1/media/upload/apply ][0m
[1;32m[INFO] 2025-08-17 15:41:44 req ==>> [ POST /v1/media/upload/apply ][0m
[1;32m[INFO] 2025-08-17 15:41:44 vortex|VerifyMw|VerifyJwt token: Bearer eyJhbGciOiJIUzI1NiIsInR5cCI6IkpXVCJ9.eyJleHBpcmVzIjoxNzU0NDA5OTUwLCJ1aWQiOiJhYXJvbiJ9.63e-SoAsLK9WkngTFnbQEJtMbROPg6ASw-NSaiOIxIU[0m
[1;32m[INFO] 2025-08-17 15:41:44 BoxServer|QueryBoxInfo|box|{"box_id":"default","box_name":"default","depot_id":"default"}[0m
[1;32m[INFO] 2025-08-17 15:41:44 StorageCoreServer|ApplyUpload|CreatePrepareFileInfo|info: {"fid":"v1-0c90703c-b21a-4230-9cd5-d53cb2085973","file_name":"image_picker_F8030888-437A-4C4B-B76E-84AAC2D6697A-3991-0000025214E8E160.jpg","content_md5":"2df8504757b3c5aaad8b6115e771f9aa","content_type":"image/jpeg","content_length":2527949,"box_info":{"box_id":"default","box_name":"default","depot_id":"default"}}[0m
[1;32m[INFO] 2025-08-17 15:41:44 HandleApplyUpload|ApplyUpload|fid: v1-0c90703c-b21a-4230-9cd5-d53cb2085973|fileInfo: {"fid":"v1-0c90703c-b21a-4230-9cd5-d53cb2085973","file_name":"image_picker_F8030888-437A-4C4B-B76E-84AAC2D6697A-3991-0000025214E8E160.jpg","content_length":2527949,"content_md5":"2df8504757b3c5aaad8b6115e771f9aa","content_type":"image/jpeg","uploader":"aaron","box_id":"default"}[0m
[1;32m[INFO] 2025-08-17 15:41:44 getEmByLang|key:code_for_success.zh-cn[0m
[1;32m[INFO] 2025-08-17 15:41:44 rsp ==>> [ 200 /v1/media/upload/apply ][0m
[1;32m[INFO] 2025-08-17 15:41:44 req ==>> [ POST /v1/media/upload/single/v1-0c90703c-b21a-4230-9cd5-d53cb2085973 ][0m
[1;32m[INFO] 2025-08-17 15:41:44 vortex|VerifyMw|VerifyJwt token: Bearer eyJhbGciOiJIUzI1NiIsInR5cCI6IkpXVCJ9.eyJleHBpcmVzIjoxNzU0NDA5OTUwLCJ1aWQiOiJhYXJvbiJ9.63e-SoAsLK9WkngTFnbQEJtMbROPg6ASw-NSaiOIxIU[0m
[1;31m[ERROR] 2025-08-17 15:41:44 BoxServer|QueryBoxInfo|FindOne|boxId: |err: mongo: no documents in result[0m
[1;31m[ERROR] 2025-08-17 15:41:44 StorageCoreServer|SingleUpload|QueryBoxInfo|boxId: |err: box not exist[0m
[1;31m[ERROR] 2025-08-17 15:41:44 HandleSingleUpload|SingleUpload|fid: v1-0c90703c-b21a-4230-9cd5-d53cb2085973|err: box not exist[0m
[1;32m[INFO] 2025-08-17 15:41:44 getEmByLang|key:code_for_box_not_exists.zh-cn[0m
[1;32m[INFO] 2025-08-17 15:41:44 rsp ==>> [ 200 /v1/media/upload/single/v1-0c90703c-b21a-4230-9cd5-d53cb2085973 ][0m
[1;32m[INFO] 2025-08-17 15:44:46 server config:{"Group":"default","Port":"18080","S3":{"Bucket":"file-storage","Endpoint":"http://127.0.0.1:19000","AccessKey":"admin","SecretKey":"14332233","Region":"cn-north"},"Server":{"DBConfig":{"redis":{"host":"127.0.0.1","port":26379,"username":"","password":"1433223"},"mongo":{"host":"127.0.0.1","port":37017,"username":"admin","password":"1433223"},"mysql":null},"Jwt":{"Secret":"123456","Expire":3600},"ConsoleJwt":{"Secret":"console","Expire":3600}},"Admin":{"Username":"aaron","Password":"aaron519"}}[0m
[1;31m[ERROR] 2025-08-17 15:44:46 BoxServer|CreateBox|InsertOne|err: write exception: write errors: [E11000 duplicate key error collection: media_storage.boxes_db index: _id_ dup key: { _id: "default" }][0m
[1;31m[ERROR] 2025-08-17 15:44:46 DepotServer|CreateDepot|InsertOne|err: write exception: write errors: [E11000 duplicate key error collection: media_storage.depots_db index: _id_ dup key: { _id: "default" }][0m
[1;32m[INFO] 2025-08-17 15:44:46 methods=>[["POST","GET"]] | api=>[å¤„ç†websocketçš„handle] | path=>[/v1/ws] | desc=>[å¤„ç†websocketçš„handle][0m
[1;32m[INFO] 2025-08-17 15:44:46 methods=>[["GET"]] | api=>[ç¨‹åºå¥åº·æ£€æŸ¥] | path=>[/v1/checkalive] | desc=>[ç¨‹åºå¥åº·æ£€æŸ¥][0m
[1;32m[INFO] 2025-08-17 15:44:46 methods=>[["GET","POST"]] | api=>[cmdæŽ¥å£ï¼Œä½¿ç”¨ç»Ÿä¸€çš„ç»“æž„] | path=>[/v1/cmd] | desc=>[cmdæŽ¥å£ï¼Œä½¿ç”¨ç»Ÿä¸€çš„ç»“æž„][0m
[1;32m[INFO] 2025-08-17 15:44:46 methods=>[["POST"]] | api=>[ç™»å½•æŽ¥å£] | path=>[/v1/login] | desc=>[ç™»å½•æŽ¥å£][0m
[1;32m[INFO] 2025-08-17 15:44:46 methods=>[["POST"]] | api=>[åˆ›å»º depot] | path=>[/v1/media/deport/create] | desc=>[åˆ›å»º depot][0m
[1;32m[INFO] 2025-08-17 15:44:46 methods=>[["POST"]] | api=>[åˆ›å»º box] | path=>[/v1/media/box/create] | desc=>[åˆ›å»º box][0m
[1;32m[INFO] 2025-08-17 15:44:46 methods=>[["POST","GET","HEAD"]] | api=>[æŸ¥çœ‹æ–‡ä»¶] | path=>[/v1/media/file/:fid] | desc=>[æŸ¥çœ‹æ–‡ä»¶][0m
[1;32m[INFO] 2025-08-17 15:44:46 methods=>[["GET"]] | api=>[æŸ¥çœ‹æ–‡ä»¶] | path=>[/v1/media/file/info/:fid] | desc=>[æŸ¥çœ‹æ–‡ä»¶][0m
[1;32m[INFO] 2025-08-17 15:44:46 methods=>[["POST"]] | api=>[ç”³è¯·ä¸Šä¼ ] | path=>[/v1/media/upload/apply] | desc=>[ç”³è¯·ä¸Šä¼ ][0m
[1;32m[INFO] 2025-08-17 15:44:46 methods=>[["POST"]] | api=>[å•æ–‡ä»¶ä¸Šä¼ ] | path=>[/v1/media/upload/single/:fid] | desc=>[å•æ–‡ä»¶ä¸Šä¼ ][0m
[1;32m[INFO] 2025-08-17 15:44:46 
 __     __                 _                 
 \ \   / /   ___    _ __  | |_    ___  __  __
  \ \ / /   / _ \  | '__| | __|  / _ \ \ \/ /
   \ V /   | (_) | | |    | |_  |  __/  >  < 
    \_/     \___/  |_|     \__|  \___| /_/\_\
----------------------------------------------
 Vortex Server Start Success on 18080
==============================================
[0m
[1;32m[INFO] 2025-08-17 15:44:51 req ==>> [ POST /v1/media/upload/apply ][0m
[1;32m[INFO] 2025-08-17 15:44:51 vortex|VerifyMw|VerifyJwt token: Bearer eyJhbGciOiJIUzI1NiIsInR5cCI6IkpXVCJ9.eyJleHBpcmVzIjoxNzU0NDA5OTUwLCJ1aWQiOiJhYXJvbiJ9.63e-SoAsLK9WkngTFnbQEJtMbROPg6ASw-NSaiOIxIU[0m
[1;32m[INFO] 2025-08-17 15:44:51 BoxServer|QueryBoxInfo|box|{"box_id":"default","box_name":"default","depot_id":"default"}[0m
[1;32m[INFO] 2025-08-17 15:44:51 StorageCoreServer|ApplyUpload|CreatePrepareFileInfo|info: {"fid":"v1-c6e5de89-d3b6-41c1-b38f-b8025b623019","file_name":"image_picker_F8030888-437A-4C4B-B76E-84AAC2D6697A-3991-0000025214E8E160.jpg","content_md5":"2df8504757b3c5aaad8b6115e771f9aa","content_type":"image/jpeg","content_length":2527949,"box_info":{"box_id":"default","box_name":"default","depot_id":"default"}}[0m
[1;32m[INFO] 2025-08-17 15:44:51 HandleApplyUpload|ApplyUpload|fid: v1-c6e5de89-d3b6-41c1-b38f-b8025b623019|fileInfo: {"fid":"v1-c6e5de89-d3b6-41c1-b38f-b8025b623019","file_name":"image_picker_F8030888-437A-4C4B-B76E-84AAC2D6697A-3991-0000025214E8E160.jpg","content_length":2527949,"content_md5":"2df8504757b3c5aaad8b6115e771f9aa","content_type":"image/jpeg","uploader":"aaron","box_id":"default"}[0m
[1;32m[INFO] 2025-08-17 15:44:51 getEmByLang|key:code_for_success.zh-cn[0m
[1;32m[INFO] 2025-08-17 15:44:51 rsp ==>> [ 200 /v1/media/upload/apply ][0m
[1;32m[INFO] 2025-08-17 15:44:51 req ==>> [ POST /v1/media/upload/single/v1-c6e5de89-d3b6-41c1-b38f-b8025b623019?boxId=default ][0m
[1;32m[INFO] 2025-08-17 15:44:51 vortex|VerifyMw|VerifyJwt token: Bearer eyJhbGciOiJIUzI1NiIsInR5cCI6IkpXVCJ9.eyJleHBpcmVzIjoxNzU0NDA5OTUwLCJ1aWQiOiJhYXJvbiJ9.63e-SoAsLK9WkngTFnbQEJtMbROPg6ASw-NSaiOIxIU[0m
[1;32m[INFO] 2025-08-17 15:44:51 BoxServer|QueryBoxInfo|box|{"box_id":"default","box_name":"default","depot_id":"default"}[0m
[1;32m[INFO] 2025-08-17 15:44:51 getEmByLang|key:code_for_success.zh-cn[0m
[1;32m[INFO] 2025-08-17 15:44:51 rsp ==>> [ 200 /v1/media/upload/single/v1-c6e5de89-d3b6-41c1-b38f-b8025b623019?boxId=default ][0m
[1;32m[INFO] 2025-08-17 15:45:31 req ==>> [ GET /v1/media/file/info/v1-c6e5de89-d3b6-41c1-b38f-b8025b623019 ][0m
[1;32m[INFO] 2025-08-17 15:45:31 FileIndexServer|QueryFileInfo|info|{"fid":"v1-c6e5de89-d3b6-41c1-b38f-b8025b623019","file_name":"image_picker_F8030888-437A-4C4B-B76E-84AAC2D6697A-3991-0000025214E8E160.jpg","content_md5":"2df8504757b3c5aaad8b6115e771f9aa","content_type":"image/jpeg","content_length":2527949,"created_ts":1755416691,"box_info":{"box_id":"default","box_name":"default","depot_id":"default"}}[0m
[1;32m[INFO] 2025-08-17 15:45:31 HandleFileInfo|QueryFileInfo|fid: v1-c6e5de89-d3b6-41c1-b38f-b8025b623019|info: {"fid":"v1-c6e5de89-d3b6-41c1-b38f-b8025b623019","file_name":"image_picker_F8030888-437A-4C4B-B76E-84AAC2D6697A-3991-0000025214E8E160.jpg","content_md5":"2df8504757b3c5aaad8b6115e771f9aa","content_type":"image/jpeg","content_length":2527949,"created_ts":1755416691,"box_info":{"box_id":"default","box_name":"default","depot_id":"default"}}[0m
[1;32m[INFO] 2025-08-17 15:45:31 getEmByLang|key:code_for_success.zh-cn,zh;q=0.9,en;q=0.8[0m
[1;32m[INFO] 2025-08-17 15:45:31 rsp ==>> [ 200 /v1/media/file/info/v1-c6e5de89-d3b6-41c1-b38f-b8025b623019 ][0m
[1;32m[INFO] 2025-08-17 15:45:41 req ==>> [ GET /v1/media/file/v1-c6e5de89-d3b6-41c1-b38f-b8025b623019 ][0m
[1;32m[INFO] 2025-08-17 15:45:41 FileIndexServer|QueryFileInfo|info|{"fid":"v1-c6e5de89-d3b6-41c1-b38f-b8025b623019","file_name":"image_picker_F8030888-437A-4C4B-B76E-84AAC2D6697A-3991-0000025214E8E160.jpg","content_md5":"2df8504757b3c5aaad8b6115e771f9aa","content_type":"image/jpeg","content_length":2527949,"created_ts":1755416691,"box_info":{"box_id":"default","box_name":"default","depot_id":"default"}}[0m
[1;32m[INFO] 2025-08-17 15:45:41 rsp ==>> [ 200 /v1/media/file/v1-c6e5de89-d3b6-41c1-b38f-b8025b623019 ][0m
[1;32m[INFO] 2025-08-17 15:45:48 req ==>> [ GET /v1/media/file/v1-c6e5de89-d3b6-41c1-b38f-b8025b623019 ][0m
[1;32m[INFO] 2025-08-17 15:45:48 FileIndexServer|QueryFileInfo|info|{"fid":"v1-c6e5de89-d3b6-41c1-b38f-b8025b623019","file_name":"image_picker_F8030888-437A-4C4B-B76E-84AAC2D6697A-3991-0000025214E8E160.jpg","content_md5":"2df8504757b3c5aaad8b6115e771f9aa","content_type":"image/jpeg","content_length":2527949,"created_ts":1755416691,"box_info":{"box_id":"default","box_name":"default","depot_id":"default"}}[0m
[1;32m[INFO] 2025-08-17 15:45:48 rsp ==>> [ 200 /v1/media/file/v1-c6e5de89-d3b6-41c1-b38f-b8025b623019 ][0m
[1;32m[INFO] 2025-08-17 15:45:48 req ==>> [ GET /v1/media/file/v1-c6e5de89-d3b6-41c1-b38f-b8025b623019 ][0m
[1;32m[INFO] 2025-08-17 15:45:48 FileIndexServer|QueryFileInfo|info|{"fid":"v1-c6e5de89-d3b6-41c1-b38f-b8025b623019","file_name":"image_picker_F8030888-437A-4C4B-B76E-84AAC2D6697A-3991-0000025214E8E160.jpg","content_md5":"2df8504757b3c5aaad8b6115e771f9aa","content_type":"image/jpeg","content_length":2527949,"created_ts":1755416691,"box_info":{"box_id":"default","box_name":"default","depot_id":"default"}}[0m
[1;32m[INFO] 2025-08-17 15:45:48 rsp ==>> [ 200 /v1/media/file/v1-c6e5de89-d3b6-41c1-b38f-b8025b623019 ][0m
